#
# A fatal error has been detected by the Java Runtime Environment:
#
#  EXCEPTION_ACCESS_VIOLATION (0xc0000005) at pc=0x0000022e0ef9c633, pid=7456, tid=6276
#
# JRE version: OpenJDK Runtime Environment Corretto-17.0.11.9.1 (17.0.11+9) (build 17.0.11+9-LTS)
# Java VM: OpenJDK 64-Bit Server VM Corretto-17.0.11.9.1 (17.0.11+9-LTS, mixed mode, sharing, tiered, compressed oops, compressed class ptrs, g1 gc, windows-amd64)
# Problematic frame:
# 
[error occurred during error reporting (printing problematic frame), id 0xc0000005, EXCEPTION_ACCESS_VIOLATION (0xc0000005) at pc=0x00007ffb71fafd0d]

# No core dump will be written. Minidumps are not enabled by default on client versions of Windows
#
# If you would like to submit a bug report, please visit:
#   https://github.com/corretto/corretto-17/issues/
#

---------------  S U M M A R Y ------------

Command Line: --add-opens=java.base/java.util=ALL-UNNAMED --add-opens=java.base/java.lang=ALL-UNNAMED --add-opens=java.base/java.lang.invoke=ALL-UNNAMED --add-opens=java.prefs/java.util.prefs=ALL-UNNAMED --add-opens=java.base/java.nio.charset=ALL-UNNAMED --add-opens=java.base/java.net=ALL-UNNAMED --add-opens=java.base/java.util.concurrent.atomic=ALL-UNNAMED -XX:MaxMetaspaceSize=384m -XX:+HeapDumpOnOutOfMemoryError -Xms256m -Xmx512m -Dfile.encoding=windows-1252 -Duser.country=BR -Duser.language=pt -Duser.variant -javaagent:C:\Users\eduar\.gradle\wrapper\dists\gradle-8.5-bin\5t9huq95ubn472n8rpzujfbqh\gradle-8.5\lib\agents\gradle-instrumentation-agent-8.5.jar org.gradle.launcher.daemon.bootstrap.GradleDaemon 8.5

Host: Intel(R) Core(TM) i7-3537U CPU @ 2.00GHz, 4 cores, 11G,  Windows 11 , 64 bit Build 22621 (10.0.22621.3672)
Time: Sat Jul  6 13:52:37 2024 Hora oficial do Brasil elapsed time: 6375.358124 seconds (0d 1h 46m 15s)

---------------  T H R E A D  ---------------

Current thread (0x0000022e33d6fdf0):  JavaThread "included builds" [_thread_in_Java, id=6276, stack(0x0000002f3cc00000,0x0000002f3cd00000)]

Stack: [0x0000002f3cc00000,0x0000002f3cd00000],  sp=0x0000002f3ccfbae0,  free space=1006k
Native frames: (J=compiled Java code, j=interpreted, Vv=VM code, C=native code)
C  0x0000022e0ef9c633

The last pc belongs to method entry point (kind = zerolocals) (printed below).

siginfo: EXCEPTION_ACCESS_VIOLATION (0xc0000005), reading address 0xffffffffffffffff


Registers:
RAX=0x0000022e0ef99aff, RBX=0x0000022e2ff5a478, RCX=0x0000000000000101, RDX=0x0101010a01010101
RSP=0x0000002f3ccfbae0, RBP=0x0000002f3ccfbaf8, RSI=0x0000000000000000, RDI=0x0000000000000110
R8 =0x00000000efc4e020, R9 =0x00000000e368d6d0, R10=0x0000022e19000000, R11=0x0000022e0fa4ebc0
R12=0x0000000000000000, R13=0x0000022e2ff4a458, R14=0x0000002f3ccfc308, R15=0x0000022e33d6fdf0
RIP=0x0000022e0ef9c633, EFLAGS=0x0000000000010246


Register to memory mapping:

RIP=0x0000022e0ef9c633 is at code_begin+115 in an Interpreter codelet
method entry point (kind = zerolocals)  [0x0000022e0ef9c5c0, 0x0000022e0ef9c980]  960 bytes
RAX=0x0000022e0ef99aff is at code_begin+2655 in an Interpreter codelet
return entry points  [0x0000022e0ef990a0, 0x0000022e0ef99c00]  2912 bytes
RBX={method} {0x0000022e2ff5a480} 
[error occurred during error reporting (printing register info), id 0xc0000005, EXCEPTION_ACCESS_VIOLATION (0xc0000005) at pc=0x00007ffb71fb0ea3]

Top of Stack: (sp=0x0000002f3ccfbae0)
0x0000002f3ccfbae0:   0000022e2ff5a478 0000000000000000
0x0000002f3ccfbaf0:   0000002f3ccfbb08 0000002f3ccfbb80
0x0000002f3ccfbb00:   0000022e0ef99aff 00000000efc4e020
0x0000002f3ccfbb10:   00000000efc4e008 00000000efc4e1c0
0x0000002f3ccfbb20:   00000000efc4e1c0 00000000e31c8c48
0x0000002f3ccfbb30:   00000000e31b7a48 0000002f3ccfbb38
0x0000002f3ccfbb40:   0000022e2f485b58 0000002f3ccfbba8
0x0000002f3ccfbb50:   0000022e2f485ea8 0000000000000000
0x0000002f3ccfbb60:   00000000e0ce9b88 0000022e2f485bd8
0x0000002f3ccfbb70:   0000002f3ccfbb08 0000002f3ccfbb90
0x0000002f3ccfbb80:   0000002f3ccfbbf8 0000022e0ef999a6
0x0000002f3ccfbb90:   00000000efc4e020 0000000000000001
0x0000002f3ccfbba0:   00000000e31c8c48 00000000e31b32f0
0x0000002f3ccfbbb0:   0000002f3ccfbbb0 0000022e2f478cd5
0x0000002f3ccfbbc0:   0000002f3ccfbc28 0000022e2f477a90
0x0000002f3ccfbbd0:   0000000000000000 00000000e0cead08
0x0000002f3ccfbbe0:   0000022e2f478d28 0000002f3ccfbb90
0x0000002f3ccfbbf0:   0000002f3ccfbc10 0000002f3ccfbc78
0x0000002f3ccfbc00:   0000022e0ef99520 0000000000000001
0x0000002f3ccfbc10:   00000000efc4e020 00000000e31b32f0
0x0000002f3ccfbc20:   00000000e368d6d0 00000000efc4e158
0x0000002f3ccfbc30:   0000002f3ccfbc30 0000022e318e1ed8
0x0000002f3ccfbc40:   0000002f3ccfbc90 0000022e318e1f58
0x0000002f3ccfbc50:   0000000000000000 00000000e376afb0
0x0000002f3ccfbc60:   0000022e318e1ee0 0000002f3ccfbc10
0x0000002f3ccfbc70:   0000002f3ccfbca0 0000002f3ccfbd48
0x0000002f3ccfbc80:   0000022e0892ec8c 00000000efc4e020
0x0000002f3ccfbc90:   00000000efc4e1a8 0000022e0892ec8c
0x0000002f3ccfbca0:   0000002f3ccfbca0 0000022e2f46be74
0x0000002f3ccfbcb0:   0000002f3ccfbcf8 0000022e2ff5b558
0x0000002f3ccfbcc0:   0000002f3ccfbd48 0000022e0ef99d38
0x0000002f3ccfbcd0:   0000002f3ccfbd48 0000022e0ef99520 

Instructions: (pc=0x0000022e0ef9c633)
0x0000022e0ef9c533:   71 fb 7f 00 00 41 ff d2 48 83 c4 08 e9 0d 00 00
0x0000022e0ef9c543:   00 49 ba e0 6e d0 71 fb 7f 00 00 41 ff d2 48 83
0x0000022e0ef9c553:   c4 20 49 c7 87 98 02 00 00 00 00 00 00 49 c7 87
0x0000022e0ef9c563:   a8 02 00 00 00 00 00 00 49 c7 87 a0 02 00 00 00
0x0000022e0ef9c573:   00 00 00 c5 f8 77 49 81 7f 08 00 00 00 00 0f 84
0x0000022e0ef9c583:   05 00 00 00 e9 74 49 ff ff 4c 8b 6d c0 4c 8b 75
0x0000022e0ef9c593:   c8 c3 66 66 90 00 00 00 00 00 00 00 00 d0 61 34
0x0000022e0ef9c5a3:   72 fb 7f 00 00 e0 03 00 00 ff ff ff ff 00 00 00
0x0000022e0ef9c5b3:   00 00 00 00 00 00 00 00 00 00 00 00 00 48 8b 53
0x0000022e0ef9c5c3:   08 0f b7 4a 2c 0f b7 52 2a 2b d1 81 fa f5 01 00
0x0000022e0ef9c5d3:   00 0f 86 25 00 00 00 48 8b c2 48 c1 e0 03 48 83
0x0000022e0ef9c5e3:   c0 58 49 03 87 c0 03 00 00 48 3b e0 0f 87 0a 00
0x0000022e0ef9c5f3:   00 00 58 49 8b e5 50 e9 81 c2 ff ff 58 4c 8d 74
0x0000022e0ef9c603:   cc f8 85 d2 0f 8e 09 00 00 00 68 00 00 00 00 ff
0x0000022e0ef9c613:   ca 7f f7 50 55 48 8b ec 41 55 68 00 00 00 00 4c
0x0000022e0ef9c623:   8b 6b 08 4d 8d 6d 30 53 48 8b 53 08 48 8b 52 08
0x0000022e0ef9c633:   48 8b 52 18 48 8b 52 70 48 8b 12 52 48 8b 53 10
0x0000022e0ef9c643:   48 85 d2 0f 84 07 00 00 00 48 81 c2 08 01 00 00
0x0000022e0ef9c653:   52 48 8b 53 08 48 8b 52 08 48 8b 52 10 52 41 56
0x0000022e0ef9c663:   41 55 68 00 00 00 00 48 89 24 24 41 c6 87 79 03
0x0000022e0ef9c673:   00 00 01 48 8b 45 d8 48 85 c0 0f 84 a3 00 00 00
0x0000022e0ef9c683:   8b 48 fc 85 c9 0f 88 98 00 00 00 48 03 c1 48 8b
0x0000022e0ef9c693:   48 08 48 83 e9 02 48 8b 54 c8 10 48 f7 da 49 8b
0x0000022e0ef9c6a3:   14 d6 48 85 d2 75 14 48 f7 44 c8 18 01 00 00 00
0x0000022e0ef9c6b3:   75 67 f0 48 83 4c c8 18 01 eb 5e 8b 52 08 49 ba
0x0000022e0ef9c6c3:   00 00 00 19 2e 02 00 00 49 03 d2 4c 8b d2 48 33
0x0000022e0ef9c6d3:   54 c8 18 48 f7 c2 fc ff ff ff 74 3d 48 f7 c2 02
0x0000022e0ef9c6e3:   00 00 00 75 34 48 81 7c c8 18 00 00 00 00 74 24
0x0000022e0ef9c6f3:   48 81 7c c8 18 01 00 00 00 74 19 49 8b d2 48 33
0x0000022e0ef9c703:   54 c8 18 48 f7 c2 fc ff ff ff 74 0d 48 83 4c c8
0x0000022e0ef9c713:   18 02 eb 05 48 89 54 c8 18 48 83 e9 02 0f 89 73
0x0000022e0ef9c723:   ff ff ff 48 8b 43 10 48 85 c0 74 20 8b 88 cc 00 


Stack slot to memory mapping:
stack at sp + 0 slots: {method} {0x0000022e2ff5a480} 
[error occurred during error reporting (inspecting top of stack), id 0xc0000005, EXCEPTION_ACCESS_VIOLATION (0xc0000005) at pc=0x00007ffb71fb0ea3]

method entry point (kind = zerolocals)  [0x0000022e0ef9c5c0, 0x0000022e0ef9c980]  960 bytes
[MachCode]
  0x0000022e0ef9c5c0: 488b 5308 | 0fb7 4a2c | 0fb7 522a | 2bd1 81fa | f501 0000 | 0f86 2500 | 0000 488b | c248 c1e0 
  0x0000022e0ef9c5e0: 0348 83c0 | 5849 0387 | c003 0000 | 483b e00f | 870a 0000 | 0058 498b | e550 e981 | c2ff ff58 
  0x0000022e0ef9c600: 4c8d 74cc | f885 d20f | 8e09 0000 | 0068 0000 | 0000 ffca | 7ff7 5055 | 488b ec41 | 5568 0000 
  0x0000022e0ef9c620: 0000 4c8b | 6b08 4d8d | 6d30 5348 | 8b53 0848 | 8b52 0848 | 8b52 1848 | 8b52 7048 | 8b12 5248 
  0x0000022e0ef9c640: 8b53 1048 | 85d2 0f84 | 0700 0000 | 4881 c208 | 0100 0052 | 488b 5308 | 488b 5208 | 488b 5210 
  0x0000022e0ef9c660: 5241 5641 | 5568 0000 | 0000 4889 | 2424 41c6 | 8779 0300 | 0001 488b | 45d8 4885 | c00f 84a3 
  0x0000022e0ef9c680: 0000 008b | 48fc 85c9 | 0f88 9800 | 0000 4803 | c148 8b48 | 0848 83e9 | 0248 8b54 | c810 48f7 
  0x0000022e0ef9c6a0: da49 8b14 | d648 85d2 | 7514 48f7 | 44c8 1801 | 0000 0075 | 67f0 4883 | 4cc8 1801 | eb5e 8b52 
  0x0000022e0ef9c6c0: 0849 ba00 | 0000 192e | 0200 0049 | 03d2 4c8b | d248 3354 | c818 48f7 | c2fc ffff | ff74 3d48 
  0x0000022e0ef9c6e0: f7c2 0200 | 0000 7534 | 4881 7cc8 | 1800 0000 | 0074 2448 | 817c c818 | 0100 0000 | 7419 498b 
  0x0000022e0ef9c700: d248 3354 | c818 48f7 | c2fc ffff | ff74 0d48 | 834c c818 | 02eb 0548 | 8954 c818 | 4883 e902 
  0x0000022e0ef9c720: 0f89 73ff | ffff 488b | 4310 4885 | c074 208b | 88cc 0000 | 0083 c102 | 8988 cc00 | 0000 2388 
  0x0000022e0ef9c740: e000 0000 | 0f84 7801 | 0000 e9d1 | 0000 0048 | 8b43 1848 | 85c0 0f85 | b200 0000 | e805 0000 
  0x0000022e0ef9c760: 00e9 9b00 | 0000 488b | d348 8d44 | 2408 4c89 | 6dc0 498b | cfc5 f877 | 4989 afa8 | 0200 0049 
  0x0000022e0ef9c780: 8987 9802 | 0000 4883 | ec20 f7c4 | 0f00 0000 | 0f84 1a00 | 0000 4883 | ec08 49ba | 6029 d071 
  0x0000022e0ef9c7a0: fb7f 0000 | 41ff d248 | 83c4 08e9 | 0d00 0000 | 49ba 6029 | d071 fb7f | 0000 41ff | d248 83c4 
  0x0000022e0ef9c7c0: 2049 c787 | 9802 0000 | 0000 0000 | 49c7 87a8 | 0200 0000 | 0000 0049 | c787 a002 | 0000 0000 
  0x0000022e0ef9c7e0: 0000 c5f8 | 7749 817f | 0800 0000 | 000f 8405 | 0000 00e9 | 0847 ffff | 4c8b 6dc0 | 4c8b 75c8 
  0x0000022e0ef9c800: c348 8b43 | 1848 85c0 | 0f84 1200 | 0000 8b48 | 0883 c102 | 8948 0823 | 4820 0f84 | a200 0000 
  0x0000022e0ef9c820: 8984 2400 | f0ff ff89 | 8424 00e0 | ffff 8984 | 2400 d0ff | ff89 8424 | 00c0 ffff | 8984 2400 
  0x0000022e0ef9c840: b0ff ff89 | 8424 00a0 | ffff 8984 | 2400 90ff | ff41 c687 | 7903 0000 | 0049 baf9 | 3550 72fb 
  0x0000022e0ef9c860: 7f00 0041 | 803a 000f | 8442 0000 | 0048 8b55 | e849 8bcf | 4883 ec20 | f7c4 0f00 | 0000 0f84 
  0x0000022e0ef9c880: 1a00 0000 | 4883 ec08 | 49ba c02e | 0672 fb7f | 0000 41ff | d248 83c4 | 08e9 0d00 | 0000 49ba 
  0x0000022e0ef9c8a0: c02e 0672 | fb7f 0000 | 41ff d248 | 83c4 2041 | 0fb6 5d00 | 49ba 50aa | 5272 fb7f | 0000 41ff 
  0x0000022e0ef9c8c0: 24da ba00 | 0000 00e8 | 0500 0000 | e998 0000 | 0048 8d44 | 2408 4c89 | 6dc0 498b | cfc5 f877 
  0x0000022e0ef9c8e0: 4989 afa8 | 0200 0049 | 8987 9802 | 0000 4883 | ec20 f7c4 | 0f00 0000 | 0f84 1a00 | 0000 4883 
  0x0000022e0ef9c900: ec08 49ba | 5034 d071 | fb7f 0000 | 41ff d248 | 83c4 08e9 | 0d00 0000 | 49ba 5034 | d071 fb7f 
  0x0000022e0ef9c920: 0000 41ff | d248 83c4 | 2049 c787 | 9802 0000 | 0000 0000 | 49c7 87a8 | 0200 0000 | 0000 0049 
  0x0000022e0ef9c940: c787 a002 | 0000 0000 | 0000 c5f8 | 7749 817f | 0800 0000 | 000f 8405 | 0000 00e9 | a045 ffff 
  0x0000022e0ef9c960: 4c8b 6dc0 | 4c8b 75c8 | c348 8b5d | e8e9 aefe | ffff 660f | 1f44 0000 | 0000 0000 | 0000 0000 
[/MachCode]

---------------  P R O C E S S  ---------------

Threads class SMR info:
_java_thread_list=0x0000022e36497d60, length=71, elements={
0x0000022e7d90b610, 0x0000022e7f193240, 0x0000022e7f1940c0, 0x0000022e7f1a9130,
0x0000022e7f1a9fb0, 0x0000022e7f1accf0, 0x0000022e7f1afbc0, 0x0000022e7f1b3e60,
0x0000022e7f1bc920, 0x0000022e7f1d0a10, 0x0000022e18bfedb0, 0x0000022e18d48cc0,
0x0000022e341b4cd0, 0x0000022e32bcefd0, 0x0000022e33e5f280, 0x0000022e338dd800,
0x0000022e338dcde0, 0x0000022e338da050, 0x0000022e338db490, 0x0000022e338db9a0,
0x0000022e338f19d0, 0x0000022e338f0590, 0x0000022e338f14c0, 0x0000022e338f3320,
0x0000022e338f0080, 0x0000022e338f3830, 0x0000022e338f0aa0, 0x0000022e3379fb90,
0x0000022e33d6e9b0, 0x0000022e33d71230, 0x0000022e337a00a0, 0x0000022e3379afa0,
0x0000022e3379f680, 0x0000022e337a0fd0, 0x0000022e3379d820, 0x0000022e3379d310,
0x0000022e3379bed0, 0x0000022e3379a070, 0x0000022e337a19f0, 0x0000022e3379dd30,
0x0000022e3379e750, 0x0000022e337a14e0, 0x0000022e3379f170, 0x0000022e3379e240,
0x0000022e3379a580, 0x0000022e3379ec60, 0x0000022e3379aa90, 0x0000022e337a05b0,
0x0000022e3379b4b0, 0x0000022e337a0ac0, 0x0000022e3379b9c0, 0x0000022e3379c3e0,
0x0000022e3379c8f0, 0x0000022e33d6fdf0, 0x0000022e33d744d0, 0x0000022e33d71c50,
0x0000022e33d735a0, 0x0000022e33d72670, 0x0000022e33d70d20, 0x0000022e33d6d060,
0x0000022e33d70300, 0x0000022e33d72b80, 0x0000022e33d6d570, 0x0000022e33d749e0,
0x0000022e33d73090, 0x0000022e33d6f3d0, 0x0000022e33d73ab0, 0x0000022e33d6f8e0,
0x0000022e33d73fc0, 0x0000022e33d6da80, 0x0000022e33d6eec0
}

Java Threads: ( => current thread )
  0x0000022e7d90b610 JavaThread "main" [_thread_blocked, id=13616, stack(0x0000002f38f00000,0x0000002f39000000)]
  0x0000022e7f193240 JavaThread "Reference Handler" daemon [_thread_blocked, id=14128, stack(0x0000002f39600000,0x0000002f39700000)]
  0x0000022e7f1940c0 JavaThread "Finalizer" daemon [_thread_blocked, id=16584, stack(0x0000002f39700000,0x0000002f39800000)]
  0x0000022e7f1a9130 JavaThread "Signal Dispatcher" daemon [_thread_blocked, id=11960, stack(0x0000002f39800000,0x0000002f39900000)]
  0x0000022e7f1a9fb0 JavaThread "Attach Listener" daemon [_thread_blocked, id=16896, stack(0x0000002f39900000,0x0000002f39a00000)]
  0x0000022e7f1accf0 JavaThread "Service Thread" daemon [_thread_blocked, id=12624, stack(0x0000002f39a00000,0x0000002f39b00000)]
  0x0000022e7f1afbc0 JavaThread "Monitor Deflation Thread" daemon [_thread_blocked, id=15752, stack(0x0000002f39b00000,0x0000002f39c00000)]
  0x0000022e7f1b3e60 JavaThread "C2 CompilerThread0" daemon [_thread_blocked, id=14428, stack(0x0000002f39c00000,0x0000002f39d00000)]
  0x0000022e7f1bc920 JavaThread "C1 CompilerThread0" daemon [_thread_blocked, id=16564, stack(0x0000002f39d00000,0x0000002f39e00000)]
  0x0000022e7f1d0a10 JavaThread "Sweeper thread" daemon [_thread_blocked, id=11956, stack(0x0000002f39e00000,0x0000002f39f00000)]
  0x0000022e18bfedb0 JavaThread "Common-Cleaner" daemon [_thread_blocked, id=2980, stack(0x0000002f39f00000,0x0000002f3a000000)]
  0x0000022e18d48cc0 JavaThread "Notification Thread" daemon [_thread_blocked, id=10168, stack(0x0000002f3a000000,0x0000002f3a100000)]
  0x0000022e341b4cd0 JavaThread "Daemon health stats" [_thread_blocked, id=7444, stack(0x0000002f3a600000,0x0000002f3a700000)]
  0x0000022e32bcefd0 JavaThread "Incoming local TCP Connector on port 55016" [_thread_in_native, id=540, stack(0x0000002f3a200000,0x0000002f3a300000)]
  0x0000022e33e5f280 JavaThread "Daemon periodic checks" [_thread_blocked, id=17228, stack(0x0000002f3a700000,0x0000002f3a800000)]
  0x0000022e338dd800 JavaThread "Cache worker for journal cache (C:\Users\eduar\.gradle\caches\journal-1)" [_thread_blocked, id=16604, stack(0x0000002f3af00000,0x0000002f3b000000)]
  0x0000022e338dcde0 JavaThread "File lock request listener" [_thread_in_native, id=15236, stack(0x0000002f3b000000,0x0000002f3b100000)]
  0x0000022e338da050 JavaThread "Cache worker for file hash cache (C:\Users\eduar\.gradle\caches\8.5\fileHashes)" [_thread_blocked, id=4040, stack(0x0000002f3b100000,0x0000002f3b200000)]
  0x0000022e338db490 JavaThread "File watcher server" daemon [_thread_in_native, id=15824, stack(0x0000002f3b300000,0x0000002f3b400000)]
  0x0000022e338db9a0 JavaThread "File watcher consumer" daemon [_thread_blocked, id=4268, stack(0x0000002f3b400000,0x0000002f3b500000)]
  0x0000022e338f19d0 JavaThread "Cache worker for file content cache (C:\Users\eduar\.gradle\caches\8.5\fileContent)" [_thread_blocked, id=8596, stack(0x0000002f3b800000,0x0000002f3b900000)]
  0x0000022e338f0590 JavaThread "Cache worker for execution history cache (C:\Users\eduar\.gradle\caches\8.5\executionHistory)" [_thread_blocked, id=13340, stack(0x0000002f3b900000,0x0000002f3ba00000)]
  0x0000022e338f14c0 JavaThread "jar transforms" [_thread_blocked, id=16360, stack(0x0000002f3bb00000,0x0000002f3bc00000)]
  0x0000022e338f3320 JavaThread "jar transforms Thread 2" [_thread_blocked, id=15588, stack(0x0000002f3bc00000,0x0000002f3bd00000)]
  0x0000022e338f0080 JavaThread "jar transforms Thread 3" [_thread_blocked, id=8996, stack(0x0000002f3bd00000,0x0000002f3be00000)]
  0x0000022e338f3830 JavaThread "jar transforms Thread 4" [_thread_blocked, id=14028, stack(0x0000002f3ba00000,0x0000002f3bb00000)]
  0x0000022e338f0aa0 JavaThread "Cache worker for kotlin-dsl (C:\Users\eduar\.gradle\caches\8.5\kotlin-dsl)" [_thread_blocked, id=12424, stack(0x0000002f3be00000,0x0000002f3bf00000)]
  0x0000022e3379fb90 JavaThread "Memory manager" [_thread_blocked, id=10800, stack(0x0000002f3ca00000,0x0000002f3cb00000)]
  0x0000022e33d6e9b0 JavaThread "RMI Scheduler(0)" daemon [_thread_blocked, id=14088, stack(0x0000002f3e100000,0x0000002f3e200000)]
  0x0000022e33d71230 JavaThread "RMI TCP Accept-0" daemon [_thread_in_native, id=16880, stack(0x0000002f3e500000,0x0000002f3e600000)]
  0x0000022e337a00a0 JavaThread "Daemon Thread 4" [_thread_blocked, id=13772, stack(0x0000002f38c00000,0x0000002f38d00000)]
  0x0000022e3379afa0 JavaThread "Daemon Thread 5" [_thread_blocked, id=16876, stack(0x0000002f38e00000,0x0000002f38f00000)]
  0x0000022e3379f680 JavaThread "Handler for socket connection from /127.0.0.1:55016 to /127.0.0.1:57791" [_thread_in_native, id=11712, stack(0x0000002f3a800000,0x0000002f3a900000)]
  0x0000022e337a0fd0 JavaThread "Cancel handler" [_thread_blocked, id=11336, stack(0x0000002f3a900000,0x0000002f3aa00000)]
  0x0000022e3379d820 JavaThread "Daemon worker Thread 3" [_thread_blocked, id=17264, stack(0x0000002f38d00000,0x0000002f38e00000)]
  0x0000022e3379d310 JavaThread "Asynchronous log dispatcher for DefaultDaemonConnection: socket connection from /127.0.0.1:55016 to /127.0.0.1:57791" [_thread_blocked, id=5740, stack(0x0000002f3aa00000,0x0000002f3ab00000)]
  0x0000022e3379bed0 JavaThread "Stdin handler" [_thread_blocked, id=15908, stack(0x0000002f3ab00000,0x0000002f3ac00000)]
  0x0000022e3379a070 JavaThread "Daemon client event forwarder" [_thread_blocked, id=17356, stack(0x0000002f3ac00000,0x0000002f3ad00000)]
  0x0000022e337a19f0 JavaThread "Cache worker for checksums cache (C:\Projetos\kotlin-fundamentos\.gradle\8.5\checksums)" [_thread_blocked, id=1808, stack(0x0000002f3ad00000,0x0000002f3ae00000)]
  0x0000022e3379dd30 JavaThread "Cache worker for file hash cache (C:\Projetos\kotlin-fundamentos\.gradle\8.5\fileHashes)" [_thread_blocked, id=7900, stack(0x0000002f3ae00000,0x0000002f3af00000)]
  0x0000022e3379e750 JavaThread "Cache worker for cache directory md-supplier (C:\Users\eduar\.gradle\caches\8.5\md-supplier)" [_thread_blocked, id=5128, stack(0x0000002f3b200000,0x0000002f3b300000)]
  0x0000022e337a14e0 JavaThread "Cache worker for cache directory md-rule (C:\Users\eduar\.gradle\caches\8.5\md-rule)" [_thread_blocked, id=16164, stack(0x0000002f3b500000,0x0000002f3b600000)]
  0x0000022e3379f170 JavaThread "Unconstrained build operations" [_thread_blocked, id=11788, stack(0x0000002f3b600000,0x0000002f3b700000)]
  0x0000022e3379e240 JavaThread "Unconstrained build operations Thread 2" [_thread_blocked, id=15720, stack(0x0000002f3b700000,0x0000002f3b800000)]
  0x0000022e3379a580 JavaThread "Cache worker for dependencies-accessors (C:\Projetos\kotlin-fundamentos\.gradle\8.5\dependencies-accessors)" [_thread_blocked, id=3676, stack(0x0000002f3bf00000,0x0000002f3c000000)]
  0x0000022e3379ec60 JavaThread "Cache worker for Build Output Cleanup Cache (C:\Projetos\kotlin-fundamentos\.gradle\buildOutputCleanup)" [_thread_blocked, id=14656, stack(0x0000002f3c200000,0x0000002f3c300000)]
  0x0000022e3379aa90 JavaThread "Unconstrained build operations Thread 3" [_thread_blocked, id=8904, stack(0x0000002f3c400000,0x0000002f3c500000)]
  0x0000022e337a05b0 JavaThread "Unconstrained build operations Thread 4" [_thread_blocked, id=17224, stack(0x0000002f3c500000,0x0000002f3c600000)]
  0x0000022e3379b4b0 JavaThread "Unconstrained build operations Thread 5" [_thread_blocked, id=12184, stack(0x0000002f3c600000,0x0000002f3c700000)]
  0x0000022e337a0ac0 JavaThread "build event listener" [_thread_blocked, id=15956, stack(0x0000002f3c700000,0x0000002f3c800000)]
  0x0000022e3379b9c0 JavaThread "ForkJoinPool.commonPool-worker-7" daemon [_thread_blocked, id=15248, stack(0x0000002f3c800000,0x0000002f3c900000)]
  0x0000022e3379c3e0 JavaThread "ForkJoinPool.commonPool-worker-8" daemon [_thread_blocked, id=14444, stack(0x0000002f3c900000,0x0000002f3ca00000)]
  0x0000022e3379c8f0 JavaThread "ForkJoinPool.commonPool-worker-9" daemon [_thread_blocked, id=13904, stack(0x0000002f3cb00000,0x0000002f3cc00000)]
=>0x0000022e33d6fdf0 JavaThread "included builds" [_thread_in_Java, id=6276, stack(0x0000002f3cc00000,0x0000002f3cd00000)]
  0x0000022e33d744d0 JavaThread "Execution worker" [_thread_blocked, id=16948, stack(0x0000002f3cd00000,0x0000002f3ce00000)]
  0x0000022e33d71c50 JavaThread "Execution worker Thread 2" [_thread_blocked, id=15560, stack(0x0000002f3ce00000,0x0000002f3cf00000)]
  0x0000022e33d735a0 JavaThread "Execution worker Thread 3" [_thread_blocked, id=7592, stack(0x0000002f3cf00000,0x0000002f3d000000)]
  0x0000022e33d72670 JavaThread "Cache worker for execution history cache (C:\Projetos\kotlin-fundamentos\.gradle\8.5\executionHistory)" [_thread_blocked, id=14304, stack(0x0000002f3d000000,0x0000002f3d100000)]
  0x0000022e33d70d20 JavaThread "Unconstrained build operations Thread 6" [_thread_blocked, id=8492, stack(0x0000002f3d100000,0x0000002f3d200000)]
  0x0000022e33d6d060 JavaThread "Unconstrained build operations Thread 7" [_thread_blocked, id=16344, stack(0x0000002f3d200000,0x0000002f3d300000)]
  0x0000022e33d70300 JavaThread "Unconstrained build operations Thread 8" [_thread_blocked, id=2688, stack(0x0000002f3d300000,0x0000002f3d400000)]
  0x0000022e33d72b80 JavaThread "Unconstrained build operations Thread 9" [_thread_blocked, id=10464, stack(0x0000002f3d400000,0x0000002f3d500000)]
  0x0000022e33d6d570 JavaThread "Unconstrained build operations Thread 10" [_thread_blocked, id=16148, stack(0x0000002f3d500000,0x0000002f3d600000)]
  0x0000022e33d749e0 JavaThread "Unconstrained build operations Thread 11" [_thread_blocked, id=14764, stack(0x0000002f3d600000,0x0000002f3d700000)]
  0x0000022e33d73090 JavaThread "Unconstrained build operations Thread 12" [_thread_blocked, id=15980, stack(0x0000002f3d700000,0x0000002f3d800000)]
  0x0000022e33d6f3d0 JavaThread "Unconstrained build operations Thread 13" [_thread_blocked, id=9300, stack(0x0000002f3d800000,0x0000002f3d900000)]
  0x0000022e33d73ab0 JavaThread "WorkerExecutor Queue" [_thread_blocked, id=5524, stack(0x0000002f3c300000,0x0000002f3c400000)]
  0x0000022e33d6f8e0 JavaThread "RMI RenewClean-[127.0.0.1:17172,org.jetbrains.kotlin.daemon.common.LoopbackNetworkInterface$ClientLoopbackSocketFactory@5cf32c75]" daemon [_thread_blocked, id=6172, stack(0x0000002f3d900000,0x0000002f3da00000)]
  0x0000022e33d73fc0 JavaThread "RMI GC Daemon" daemon [_thread_blocked, id=536, stack(0x0000002f3da00000,0x0000002f3db00000)]
  0x0000022e33d6da80 JavaThread "RMI Reaper" [_thread_blocked, id=10544, stack(0x0000002f3db00000,0x0000002f3dc00000)]
  0x0000022e33d6eec0 JavaThread "RMI TCP Connection(5)-127.0.0.1" daemon [_thread_in_native, id=17100, stack(0x0000002f3dc00000,0x0000002f3dd00000)]

Other Threads:
  0x0000022e7f190a90 VMThread "VM Thread" [stack: 0x0000002f39500000,0x0000002f39600000] [id=8920]
  0x0000022e7d90c490 WatcherThread [stack: 0x0000002f3a100000,0x0000002f3a200000] [id=6076]
  0x0000022e7d9392b0 GCTaskThread "GC Thread#0" [stack: 0x0000002f39000000,0x0000002f39100000] [id=17372]
  0x0000022e18ed6120 GCTaskThread "GC Thread#1" [stack: 0x0000002f3a300000,0x0000002f3a400000] [id=12416]
  0x0000022e18ea5d60 GCTaskThread "GC Thread#2" [stack: 0x0000002f3a400000,0x0000002f3a500000] [id=14808]
  0x0000022e18ea6020 GCTaskThread "GC Thread#3" [stack: 0x0000002f3a500000,0x0000002f3a600000] [id=16624]
  0x0000022e7d940210 ConcurrentGCThread "G1 Main Marker" [stack: 0x0000002f39100000,0x0000002f39200000] [id=13496]
  0x0000022e7d9413d0 ConcurrentGCThread "G1 Conc#0" [stack: 0x0000002f39200000,0x0000002f39300000] [id=12872]
  0x0000022e7d9bd7d0 ConcurrentGCThread "G1 Refine#0" [stack: 0x0000002f39300000,0x0000002f39400000] [id=11672]
  0x0000022e32b20860 ConcurrentGCThread "G1 Refine#1" [stack: 0x0000002f3c000000,0x0000002f3c100000] [id=15448]
  0x0000022e34402a00 ConcurrentGCThread "G1 Refine#2" [stack: 0x0000002f3c100000,0x0000002f3c200000] [id=2000]
  0x0000022e7d9be200 ConcurrentGCThread "G1 Service" [stack: 0x0000002f39400000,0x0000002f39500000] [id=16776]

Threads with active compile tasks:

VM state: not at safepoint (normal execution)

VM Mutex/Monitor currently owned by a thread: None

Heap address: 0x00000000e0000000, size: 512 MB, Compressed Oops mode: 32-bit

CDS archive(s) mapped at: [0x0000022e19000000-0x0000022e19bb0000-0x0000022e19bb0000), size 12255232, SharedBaseAddress: 0x0000022e19000000, ArchiveRelocationMode: 1.
Compressed class space mapped at: 0x0000022e1a000000-0x0000022e2e000000, reserved size: 335544320
Narrow klass base: 0x0000022e19000000, Narrow klass shift: 0, Narrow klass range: 0x100000000

GC Precious Log:
 CPUs: 4 total, 4 available
 Memory: 12167M
 Large Page Support: Disabled
 NUMA Support: Disabled
 Compressed Oops: Enabled (32-bit)
 Heap Region Size: 1M
 Heap Min Capacity: 256M
 Heap Initial Capacity: 256M
 Heap Max Capacity: 512M
 Pre-touch: Disabled
 Parallel Workers: 4
 Concurrent Workers: 1
 Concurrent Refinement Workers: 4
 Periodic GC: Disabled

Heap:
 garbage-first heap   total 262144K, used 60182K [0x00000000e0000000, 0x0000000100000000)
  region size 1024K, 4 young (4096K), 0 survivors (0K)
 Metaspace       used 69844K, committed 70848K, reserved 393216K
  class space    used 9812K, committed 10240K, reserved 327680K

Heap Regions: E=young(eden), S=young(survivor), O=old, HS=humongous(starts), HC=humongous(continues), CS=collection set, F=free, OA=open archive, CA=closed archive, TAMS=top-at-mark-start (previous, next)
|   0|0x00000000e0000000, 0x00000000e0100000, 0x00000000e0100000|100%| O|  |TAMS 0x00000000e0100000, 0x00000000e0000000| Untracked 
|   1|0x00000000e0100000, 0x00000000e01ffff0, 0x00000000e0200000| 99%| O|  |TAMS 0x00000000e0100000, 0x00000000e0100000| Untracked 
|   2|0x00000000e0200000, 0x00000000e0300000, 0x00000000e0300000|100%|HS|  |TAMS 0x00000000e0300000, 0x00000000e0200000| Untracked 
|   3|0x00000000e0300000, 0x00000000e0400000, 0x00000000e0400000|100%|HC|  |TAMS 0x00000000e0400000, 0x00000000e0300000| Untracked 
|   4|0x00000000e0400000, 0x00000000e0500000, 0x00000000e0500000|100%|HC|  |TAMS 0x00000000e0500000, 0x00000000e0400000| Untracked 
|   5|0x00000000e0500000, 0x00000000e0600000, 0x00000000e0600000|100%|HC|  |TAMS 0x00000000e0600000, 0x00000000e0500000| Untracked 
|   6|0x00000000e0600000, 0x00000000e0700000, 0x00000000e0700000|100%| O|  |TAMS 0x00000000e0700000, 0x00000000e0600000| Untracked 
|   7|0x00000000e0700000, 0x00000000e07fffe8, 0x00000000e0800000| 99%| O|  |TAMS 0x00000000e0700000, 0x00000000e0700000| Untracked 
|   8|0x00000000e0800000, 0x00000000e08fffe8, 0x00000000e0900000| 99%| O|  |TAMS 0x00000000e0800000, 0x00000000e0800000| Untracked 
|   9|0x00000000e0900000, 0x00000000e0a00000, 0x00000000e0a00000|100%| O|  |TAMS 0x00000000e0a00000, 0x00000000e0900000| Untracked 
|  10|0x00000000e0a00000, 0x00000000e0afffd0, 0x00000000e0b00000| 99%| O|  |TAMS 0x00000000e0a00000, 0x00000000e0a00000| Untracked 
|  11|0x00000000e0b00000, 0x00000000e0bffff8, 0x00000000e0c00000| 99%| O|  |TAMS 0x00000000e0b00000, 0x00000000e0b00000| Untracked 
|  12|0x00000000e0c00000, 0x00000000e0cfffa8, 0x00000000e0d00000| 99%| O|  |TAMS 0x00000000e0c00000, 0x00000000e0c00000| Untracked 
|  13|0x00000000e0d00000, 0x00000000e0dffff0, 0x00000000e0e00000| 99%| O|  |TAMS 0x00000000e0d00000, 0x00000000e0d00000| Untracked 
|  14|0x00000000e0e00000, 0x00000000e0f00000, 0x00000000e0f00000|100%| O|  |TAMS 0x00000000e0e00000, 0x00000000e0e00000| Untracked 
|  15|0x00000000e0f00000, 0x00000000e0ffffe8, 0x00000000e1000000| 99%| O|  |TAMS 0x00000000e0f00000, 0x00000000e0f00000| Untracked 
|  16|0x00000000e1000000, 0x00000000e1100000, 0x00000000e1100000|100%| O|  |TAMS 0x00000000e1100000, 0x00000000e1000000| Untracked 
|  17|0x00000000e1100000, 0x00000000e1200000, 0x00000000e1200000|100%| O|  |TAMS 0x00000000e1200000, 0x00000000e1100000| Untracked 
|  18|0x00000000e1200000, 0x00000000e1300000, 0x00000000e1300000|100%| O|  |TAMS 0x00000000e1300000, 0x00000000e1200000| Untracked 
|  19|0x00000000e1300000, 0x00000000e13fffe0, 0x00000000e1400000| 99%| O|  |TAMS 0x00000000e1300000, 0x00000000e1300000| Untracked 
|  20|0x00000000e1400000, 0x00000000e14ffff0, 0x00000000e1500000| 99%| O|  |TAMS 0x00000000e1400000, 0x00000000e1400000| Untracked 
|  21|0x00000000e1500000, 0x00000000e15ffff8, 0x00000000e1600000| 99%| O|  |TAMS 0x00000000e1500000, 0x00000000e1500000| Untracked 
|  22|0x00000000e1600000, 0x00000000e16ff3b8, 0x00000000e1700000| 99%| O|  |TAMS 0x00000000e1600000, 0x00000000e1600000| Untracked 
|  23|0x00000000e1700000, 0x00000000e17ffff8, 0x00000000e1800000| 99%| O|  |TAMS 0x00000000e1700000, 0x00000000e1700000| Untracked 
|  24|0x00000000e1800000, 0x00000000e1900000, 0x00000000e1900000|100%| O|  |TAMS 0x00000000e1900000, 0x00000000e1800000| Untracked 
|  25|0x00000000e1900000, 0x00000000e19f2218, 0x00000000e1a00000| 94%| O|  |TAMS 0x00000000e1900000, 0x00000000e1900000| Untracked 
|  26|0x00000000e1a00000, 0x00000000e1b00000, 0x00000000e1b00000|100%| O|  |TAMS 0x00000000e1a00000, 0x00000000e1a00000| Untracked 
|  27|0x00000000e1b00000, 0x00000000e1bfff78, 0x00000000e1c00000| 99%| O|  |TAMS 0x00000000e1b00000, 0x00000000e1b00000| Untracked 
|  28|0x00000000e1c00000, 0x00000000e1cffff0, 0x00000000e1d00000| 99%| O|  |TAMS 0x00000000e1c00000, 0x00000000e1c00000| Untracked 
|  29|0x00000000e1d00000, 0x00000000e1dffff8, 0x00000000e1e00000| 99%| O|  |TAMS 0x00000000e1d00000, 0x00000000e1d00000| Untracked 
|  30|0x00000000e1e00000, 0x00000000e1f00000, 0x00000000e1f00000|100%|HS|  |TAMS 0x00000000e1f00000, 0x00000000e1e00000| Untracked 
|  31|0x00000000e1f00000, 0x00000000e2000000, 0x00000000e2000000|100%|HC|  |TAMS 0x00000000e2000000, 0x00000000e1f00000| Untracked 
|  32|0x00000000e2000000, 0x00000000e2100000, 0x00000000e2100000|100%|HS|  |TAMS 0x00000000e2100000, 0x00000000e2000000| Untracked 
|  33|0x00000000e2100000, 0x00000000e2200000, 0x00000000e2200000|100%|HC|  |TAMS 0x00000000e2200000, 0x00000000e2100000| Untracked 
|  34|0x00000000e2200000, 0x00000000e2300000, 0x00000000e2300000|100%|HS|  |TAMS 0x00000000e2300000, 0x00000000e2200000| Untracked 
|  35|0x00000000e2300000, 0x00000000e2400000, 0x00000000e2400000|100%|HC|  |TAMS 0x00000000e2400000, 0x00000000e2300000| Untracked 
|  36|0x00000000e2400000, 0x00000000e2500000, 0x00000000e2500000|100%|HC|  |TAMS 0x00000000e2500000, 0x00000000e2400000| Untracked 
|  37|0x00000000e2500000, 0x00000000e2600000, 0x00000000e2600000|100%|HC|  |TAMS 0x00000000e2600000, 0x00000000e2500000| Untracked 
|  38|0x00000000e2600000, 0x00000000e2700000, 0x00000000e2700000|100%|HS|  |TAMS 0x00000000e2700000, 0x00000000e2600000| Untracked 
|  39|0x00000000e2700000, 0x00000000e2800000, 0x00000000e2800000|100%|HC|  |TAMS 0x00000000e2800000, 0x00000000e2700000| Untracked 
|  40|0x00000000e2800000, 0x00000000e2900000, 0x00000000e2900000|100%|HC|  |TAMS 0x00000000e2900000, 0x00000000e2800000| Untracked 
|  41|0x00000000e2900000, 0x00000000e2a00000, 0x00000000e2a00000|100%|HC|  |TAMS 0x00000000e2a00000, 0x00000000e2900000| Untracked 
|  42|0x00000000e2a00000, 0x00000000e2affff0, 0x00000000e2b00000| 99%| O|  |TAMS 0x00000000e2a00000, 0x00000000e2a00000| Untracked 
|  43|0x00000000e2b00000, 0x00000000e2bffff8, 0x00000000e2c00000| 99%| O|  |TAMS 0x00000000e2b00000, 0x00000000e2b00000| Untracked 
|  44|0x00000000e2c00000, 0x00000000e2d00000, 0x00000000e2d00000|100%| O|  |TAMS 0x00000000e2c00000, 0x00000000e2c00000| Untracked 
|  45|0x00000000e2d00000, 0x00000000e2dfffb8, 0x00000000e2e00000| 99%| O|  |TAMS 0x00000000e2d00000, 0x00000000e2d00000| Untracked 
|  46|0x00000000e2e00000, 0x00000000e2effff8, 0x00000000e2f00000| 99%| O|  |TAMS 0x00000000e2e00000, 0x00000000e2e00000| Untracked 
|  47|0x00000000e2f00000, 0x00000000e3000000, 0x00000000e3000000|100%| O|  |TAMS 0x00000000e3000000, 0x00000000e2f00000| Untracked 
|  48|0x00000000e3000000, 0x00000000e30ffff8, 0x00000000e3100000| 99%| O|  |TAMS 0x00000000e3000000, 0x00000000e3000000| Untracked 
|  49|0x00000000e3100000, 0x00000000e31fffd8, 0x00000000e3200000| 99%| O|  |TAMS 0x00000000e3100000, 0x00000000e3100000| Untracked 
|  50|0x00000000e3200000, 0x00000000e3300000, 0x00000000e3300000|100%| O|  |TAMS 0x00000000e3200000, 0x00000000e3200000| Untracked 
|  51|0x00000000e3300000, 0x00000000e33ffff8, 0x00000000e3400000| 99%| O|  |TAMS 0x00000000e3300000, 0x00000000e3300000| Untracked 
|  52|0x00000000e3400000, 0x00000000e34ce700, 0x00000000e3500000| 80%| O|  |TAMS 0x00000000e3400000, 0x00000000e3400000| Untracked 
|  53|0x00000000e3500000, 0x00000000e35fffd8, 0x00000000e3600000| 99%| O|  |TAMS 0x00000000e3500000, 0x00000000e3500000| Untracked 
|  54|0x00000000e3600000, 0x00000000e36d5ed8, 0x00000000e3700000| 83%| O|  |TAMS 0x00000000e3600000, 0x00000000e3600000| Untracked 
|  55|0x00000000e3700000, 0x00000000e37f25d0, 0x00000000e3800000| 94%| O|  |TAMS 0x00000000e3700000, 0x00000000e3700000| Untracked 
|  56|0x00000000e3800000, 0x00000000e3800000, 0x00000000e3900000|  0%| F|  |TAMS 0x00000000e3800000, 0x00000000e3800000| Untracked 
|  57|0x00000000e3900000, 0x00000000e393da38, 0x00000000e3a00000| 24%| O|  |TAMS 0x00000000e3900000, 0x00000000e3900000| Untracked 
|  58|0x00000000e3a00000, 0x00000000e3a00000, 0x00000000e3b00000|  0%| F|  |TAMS 0x00000000e3a00000, 0x00000000e3a00000| Untracked 
|  59|0x00000000e3b00000, 0x00000000e3b00000, 0x00000000e3c00000|  0%| F|  |TAMS 0x00000000e3b00000, 0x00000000e3b00000| Untracked 
|  60|0x00000000e3c00000, 0x00000000e3c00000, 0x00000000e3d00000|  0%| F|  |TAMS 0x00000000e3c00000, 0x00000000e3c00000| Untracked 
|  61|0x00000000e3d00000, 0x00000000e3d00000, 0x00000000e3e00000|  0%| F|  |TAMS 0x00000000e3d00000, 0x00000000e3d00000| Untracked 
|  62|0x00000000e3e00000, 0x00000000e3e00000, 0x00000000e3f00000|  0%| F|  |TAMS 0x00000000e3e00000, 0x00000000e3e00000| Untracked 
|  63|0x00000000e3f00000, 0x00000000e3f00000, 0x00000000e4000000|  0%| F|  |TAMS 0x00000000e3f00000, 0x00000000e3f00000| Untracked 
|  64|0x00000000e4000000, 0x00000000e4000000, 0x00000000e4100000|  0%| F|  |TAMS 0x00000000e4000000, 0x00000000e4000000| Untracked 
|  65|0x00000000e4100000, 0x00000000e4100000, 0x00000000e4200000|  0%| F|  |TAMS 0x00000000e4100000, 0x00000000e4100000| Untracked 
|  66|0x00000000e4200000, 0x00000000e4200000, 0x00000000e4300000|  0%| F|  |TAMS 0x00000000e4200000, 0x00000000e4200000| Untracked 
|  67|0x00000000e4300000, 0x00000000e4300000, 0x00000000e4400000|  0%| F|  |TAMS 0x00000000e4300000, 0x00000000e4300000| Untracked 
|  68|0x00000000e4400000, 0x00000000e4400000, 0x00000000e4500000|  0%| F|  |TAMS 0x00000000e4400000, 0x00000000e4400000| Untracked 
|  69|0x00000000e4500000, 0x00000000e4500000, 0x00000000e4600000|  0%| F|  |TAMS 0x00000000e4500000, 0x00000000e4500000| Untracked 
|  70|0x00000000e4600000, 0x00000000e4600000, 0x00000000e4700000|  0%| F|  |TAMS 0x00000000e4600000, 0x00000000e4600000| Untracked 
|  71|0x00000000e4700000, 0x00000000e4700000, 0x00000000e4800000|  0%| F|  |TAMS 0x00000000e4700000, 0x00000000e4700000| Untracked 
|  72|0x00000000e4800000, 0x00000000e4800000, 0x00000000e4900000|  0%| F|  |TAMS 0x00000000e4800000, 0x00000000e4800000| Untracked 
|  73|0x00000000e4900000, 0x00000000e4900000, 0x00000000e4a00000|  0%| F|  |TAMS 0x00000000e4900000, 0x00000000e4900000| Untracked 
|  74|0x00000000e4a00000, 0x00000000e4a00000, 0x00000000e4b00000|  0%| F|  |TAMS 0x00000000e4a00000, 0x00000000e4a00000| Untracked 
|  75|0x00000000e4b00000, 0x00000000e4b00000, 0x00000000e4c00000|  0%| F|  |TAMS 0x00000000e4b00000, 0x00000000e4b00000| Untracked 
|  76|0x00000000e4c00000, 0x00000000e4c00000, 0x00000000e4d00000|  0%| F|  |TAMS 0x00000000e4c00000, 0x00000000e4c00000| Untracked 
|  77|0x00000000e4d00000, 0x00000000e4d00000, 0x00000000e4e00000|  0%| F|  |TAMS 0x00000000e4d00000, 0x00000000e4d00000| Untracked 
|  78|0x00000000e4e00000, 0x00000000e4e00000, 0x00000000e4f00000|  0%| F|  |TAMS 0x00000000e4e00000, 0x00000000e4e00000| Untracked 
|  79|0x00000000e4f00000, 0x00000000e4f00000, 0x00000000e5000000|  0%| F|  |TAMS 0x00000000e4f00000, 0x00000000e4f00000| Untracked 
|  80|0x00000000e5000000, 0x00000000e5000000, 0x00000000e5100000|  0%| F|  |TAMS 0x00000000e5000000, 0x00000000e5000000| Untracked 
|  81|0x00000000e5100000, 0x00000000e5100000, 0x00000000e5200000|  0%| F|  |TAMS 0x00000000e5100000, 0x00000000e5100000| Untracked 
|  82|0x00000000e5200000, 0x00000000e5200000, 0x00000000e5300000|  0%| F|  |TAMS 0x00000000e5200000, 0x00000000e5200000| Untracked 
|  83|0x00000000e5300000, 0x00000000e5300000, 0x00000000e5400000|  0%| F|  |TAMS 0x00000000e5300000, 0x00000000e5300000| Untracked 
|  84|0x00000000e5400000, 0x00000000e5400000, 0x00000000e5500000|  0%| F|  |TAMS 0x00000000e5400000, 0x00000000e5400000| Untracked 
|  85|0x00000000e5500000, 0x00000000e5500000, 0x00000000e5600000|  0%| F|  |TAMS 0x00000000e5500000, 0x00000000e5500000| Untracked 
|  86|0x00000000e5600000, 0x00000000e5600000, 0x00000000e5700000|  0%| F|  |TAMS 0x00000000e5600000, 0x00000000e5600000| Untracked 
|  87|0x00000000e5700000, 0x00000000e5700000, 0x00000000e5800000|  0%| F|  |TAMS 0x00000000e5700000, 0x00000000e5700000| Untracked 
|  88|0x00000000e5800000, 0x00000000e5800000, 0x00000000e5900000|  0%| F|  |TAMS 0x00000000e5800000, 0x00000000e5800000| Untracked 
|  89|0x00000000e5900000, 0x00000000e5900000, 0x00000000e5a00000|  0%| F|  |TAMS 0x00000000e5900000, 0x00000000e5900000| Untracked 
|  90|0x00000000e5a00000, 0x00000000e5a00000, 0x00000000e5b00000|  0%| F|  |TAMS 0x00000000e5a00000, 0x00000000e5a00000| Untracked 
|  91|0x00000000e5b00000, 0x00000000e5b00000, 0x00000000e5c00000|  0%| F|  |TAMS 0x00000000e5b00000, 0x00000000e5b00000| Untracked 
|  92|0x00000000e5c00000, 0x00000000e5c00000, 0x00000000e5d00000|  0%| F|  |TAMS 0x00000000e5c00000, 0x00000000e5c00000| Untracked 
|  93|0x00000000e5d00000, 0x00000000e5d00000, 0x00000000e5e00000|  0%| F|  |TAMS 0x00000000e5d00000, 0x00000000e5d00000| Untracked 
|  94|0x00000000e5e00000, 0x00000000e5e00000, 0x00000000e5f00000|  0%| F|  |TAMS 0x00000000e5e00000, 0x00000000e5e00000| Untracked 
|  95|0x00000000e5f00000, 0x00000000e5f00000, 0x00000000e6000000|  0%| F|  |TAMS 0x00000000e5f00000, 0x00000000e5f00000| Untracked 
|  96|0x00000000e6000000, 0x00000000e6000000, 0x00000000e6100000|  0%| F|  |TAMS 0x00000000e6000000, 0x00000000e6000000| Untracked 
|  97|0x00000000e6100000, 0x00000000e6100000, 0x00000000e6200000|  0%| F|  |TAMS 0x00000000e6100000, 0x00000000e6100000| Untracked 
|  98|0x00000000e6200000, 0x00000000e6200000, 0x00000000e6300000|  0%| F|  |TAMS 0x00000000e6200000, 0x00000000e6200000| Untracked 
|  99|0x00000000e6300000, 0x00000000e6300000, 0x00000000e6400000|  0%| F|  |TAMS 0x00000000e6300000, 0x00000000e6300000| Untracked 
| 100|0x00000000e6400000, 0x00000000e6400000, 0x00000000e6500000|  0%| F|  |TAMS 0x00000000e6400000, 0x00000000e6400000| Untracked 
| 101|0x00000000e6500000, 0x00000000e6500000, 0x00000000e6600000|  0%| F|  |TAMS 0x00000000e6500000, 0x00000000e6500000| Untracked 
| 102|0x00000000e6600000, 0x00000000e6600000, 0x00000000e6700000|  0%| F|  |TAMS 0x00000000e6600000, 0x00000000e6600000| Untracked 
| 103|0x00000000e6700000, 0x00000000e6700000, 0x00000000e6800000|  0%| F|  |TAMS 0x00000000e6700000, 0x00000000e6700000| Untracked 
| 104|0x00000000e6800000, 0x00000000e6800000, 0x00000000e6900000|  0%| F|  |TAMS 0x00000000e6800000, 0x00000000e6800000| Untracked 
| 105|0x00000000e6900000, 0x00000000e6900000, 0x00000000e6a00000|  0%| F|  |TAMS 0x00000000e6900000, 0x00000000e6900000| Untracked 
| 106|0x00000000e6a00000, 0x00000000e6a00000, 0x00000000e6b00000|  0%| F|  |TAMS 0x00000000e6a00000, 0x00000000e6a00000| Untracked 
| 107|0x00000000e6b00000, 0x00000000e6b00000, 0x00000000e6c00000|  0%| F|  |TAMS 0x00000000e6b00000, 0x00000000e6b00000| Untracked 
| 108|0x00000000e6c00000, 0x00000000e6c00000, 0x00000000e6d00000|  0%| F|  |TAMS 0x00000000e6c00000, 0x00000000e6c00000| Untracked 
| 109|0x00000000e6d00000, 0x00000000e6d00000, 0x00000000e6e00000|  0%| F|  |TAMS 0x00000000e6d00000, 0x00000000e6d00000| Untracked 
| 110|0x00000000e6e00000, 0x00000000e6e00000, 0x00000000e6f00000|  0%| F|  |TAMS 0x00000000e6e00000, 0x00000000e6e00000| Untracked 
| 111|0x00000000e6f00000, 0x00000000e6f00000, 0x00000000e7000000|  0%| F|  |TAMS 0x00000000e6f00000, 0x00000000e6f00000| Untracked 
| 112|0x00000000e7000000, 0x00000000e7000000, 0x00000000e7100000|  0%| F|  |TAMS 0x00000000e7000000, 0x00000000e7000000| Untracked 
| 113|0x00000000e7100000, 0x00000000e7100000, 0x00000000e7200000|  0%| F|  |TAMS 0x00000000e7100000, 0x00000000e7100000| Untracked 
| 114|0x00000000e7200000, 0x00000000e7200000, 0x00000000e7300000|  0%| F|  |TAMS 0x00000000e7200000, 0x00000000e7200000| Untracked 
| 115|0x00000000e7300000, 0x00000000e7300000, 0x00000000e7400000|  0%| F|  |TAMS 0x00000000e7300000, 0x00000000e7300000| Untracked 
| 116|0x00000000e7400000, 0x00000000e7400000, 0x00000000e7500000|  0%| F|  |TAMS 0x00000000e7400000, 0x00000000e7400000| Untracked 
| 117|0x00000000e7500000, 0x00000000e7500000, 0x00000000e7600000|  0%| F|  |TAMS 0x00000000e7500000, 0x00000000e7500000| Untracked 
| 118|0x00000000e7600000, 0x00000000e7600000, 0x00000000e7700000|  0%| F|  |TAMS 0x00000000e7600000, 0x00000000e7600000| Untracked 
| 119|0x00000000e7700000, 0x00000000e7700000, 0x00000000e7800000|  0%| F|  |TAMS 0x00000000e7700000, 0x00000000e7700000| Untracked 
| 120|0x00000000e7800000, 0x00000000e7800000, 0x00000000e7900000|  0%| F|  |TAMS 0x00000000e7800000, 0x00000000e7800000| Untracked 
| 121|0x00000000e7900000, 0x00000000e7900000, 0x00000000e7a00000|  0%| F|  |TAMS 0x00000000e7900000, 0x00000000e7900000| Untracked 
| 122|0x00000000e7a00000, 0x00000000e7a00000, 0x00000000e7b00000|  0%| F|  |TAMS 0x00000000e7a00000, 0x00000000e7a00000| Untracked 
| 123|0x00000000e7b00000, 0x00000000e7b00000, 0x00000000e7c00000|  0%| F|  |TAMS 0x00000000e7b00000, 0x00000000e7b00000| Untracked 
| 124|0x00000000e7c00000, 0x00000000e7c00000, 0x00000000e7d00000|  0%| F|  |TAMS 0x00000000e7c00000, 0x00000000e7c00000| Untracked 
| 125|0x00000000e7d00000, 0x00000000e7d00000, 0x00000000e7e00000|  0%| F|  |TAMS 0x00000000e7d00000, 0x00000000e7d00000| Untracked 
| 126|0x00000000e7e00000, 0x00000000e7e00000, 0x00000000e7f00000|  0%| F|  |TAMS 0x00000000e7e00000, 0x00000000e7e00000| Untracked 
| 127|0x00000000e7f00000, 0x00000000e7f00000, 0x00000000e8000000|  0%| F|  |TAMS 0x00000000e7f00000, 0x00000000e7f00000| Untracked 
| 128|0x00000000e8000000, 0x00000000e8000000, 0x00000000e8100000|  0%| F|  |TAMS 0x00000000e8000000, 0x00000000e8000000| Untracked 
| 129|0x00000000e8100000, 0x00000000e8100000, 0x00000000e8200000|  0%| F|  |TAMS 0x00000000e8100000, 0x00000000e8100000| Untracked 
| 130|0x00000000e8200000, 0x00000000e8200000, 0x00000000e8300000|  0%| F|  |TAMS 0x00000000e8200000, 0x00000000e8200000| Untracked 
| 131|0x00000000e8300000, 0x00000000e8300000, 0x00000000e8400000|  0%| F|  |TAMS 0x00000000e8300000, 0x00000000e8300000| Untracked 
| 132|0x00000000e8400000, 0x00000000e8400000, 0x00000000e8500000|  0%| F|  |TAMS 0x00000000e8400000, 0x00000000e8400000| Untracked 
| 133|0x00000000e8500000, 0x00000000e8500000, 0x00000000e8600000|  0%| F|  |TAMS 0x00000000e8500000, 0x00000000e8500000| Untracked 
| 134|0x00000000e8600000, 0x00000000e8600000, 0x00000000e8700000|  0%| F|  |TAMS 0x00000000e8600000, 0x00000000e8600000| Untracked 
| 135|0x00000000e8700000, 0x00000000e8700000, 0x00000000e8800000|  0%| F|  |TAMS 0x00000000e8700000, 0x00000000e8700000| Untracked 
| 136|0x00000000e8800000, 0x00000000e8800000, 0x00000000e8900000|  0%| F|  |TAMS 0x00000000e8800000, 0x00000000e8800000| Untracked 
| 137|0x00000000e8900000, 0x00000000e8900000, 0x00000000e8a00000|  0%| F|  |TAMS 0x00000000e8900000, 0x00000000e8900000| Untracked 
| 138|0x00000000e8a00000, 0x00000000e8a00000, 0x00000000e8b00000|  0%| F|  |TAMS 0x00000000e8a00000, 0x00000000e8a00000| Untracked 
| 139|0x00000000e8b00000, 0x00000000e8b00000, 0x00000000e8c00000|  0%| F|  |TAMS 0x00000000e8b00000, 0x00000000e8b00000| Untracked 
| 140|0x00000000e8c00000, 0x00000000e8c00000, 0x00000000e8d00000|  0%| F|  |TAMS 0x00000000e8c00000, 0x00000000e8c00000| Untracked 
| 141|0x00000000e8d00000, 0x00000000e8d00000, 0x00000000e8e00000|  0%| F|  |TAMS 0x00000000e8d00000, 0x00000000e8d00000| Untracked 
| 142|0x00000000e8e00000, 0x00000000e8e00000, 0x00000000e8f00000|  0%| F|  |TAMS 0x00000000e8e00000, 0x00000000e8e00000| Untracked 
| 143|0x00000000e8f00000, 0x00000000e8f00000, 0x00000000e9000000|  0%| F|  |TAMS 0x00000000e8f00000, 0x00000000e8f00000| Untracked 
| 144|0x00000000e9000000, 0x00000000e9000000, 0x00000000e9100000|  0%| F|  |TAMS 0x00000000e9000000, 0x00000000e9000000| Untracked 
| 145|0x00000000e9100000, 0x00000000e9100000, 0x00000000e9200000|  0%| F|  |TAMS 0x00000000e9100000, 0x00000000e9100000| Untracked 
| 146|0x00000000e9200000, 0x00000000e9200000, 0x00000000e9300000|  0%| F|  |TAMS 0x00000000e9200000, 0x00000000e9200000| Untracked 
| 147|0x00000000e9300000, 0x00000000e9300000, 0x00000000e9400000|  0%| F|  |TAMS 0x00000000e9300000, 0x00000000e9300000| Untracked 
| 148|0x00000000e9400000, 0x00000000e9400000, 0x00000000e9500000|  0%| F|  |TAMS 0x00000000e9400000, 0x00000000e9400000| Untracked 
| 149|0x00000000e9500000, 0x00000000e9500000, 0x00000000e9600000|  0%| F|  |TAMS 0x00000000e9500000, 0x00000000e9500000| Untracked 
| 150|0x00000000e9600000, 0x00000000e9600000, 0x00000000e9700000|  0%| F|  |TAMS 0x00000000e9600000, 0x00000000e9600000| Untracked 
| 151|0x00000000e9700000, 0x00000000e9700000, 0x00000000e9800000|  0%| F|  |TAMS 0x00000000e9700000, 0x00000000e9700000| Untracked 
| 152|0x00000000e9800000, 0x00000000e9800000, 0x00000000e9900000|  0%| F|  |TAMS 0x00000000e9800000, 0x00000000e9800000| Untracked 
| 153|0x00000000e9900000, 0x00000000e9900000, 0x00000000e9a00000|  0%| F|  |TAMS 0x00000000e9900000, 0x00000000e9900000| Untracked 
| 154|0x00000000e9a00000, 0x00000000e9a00000, 0x00000000e9b00000|  0%| F|  |TAMS 0x00000000e9a00000, 0x00000000e9a00000| Untracked 
| 155|0x00000000e9b00000, 0x00000000e9b00000, 0x00000000e9c00000|  0%| F|  |TAMS 0x00000000e9b00000, 0x00000000e9b00000| Untracked 
| 156|0x00000000e9c00000, 0x00000000e9c00000, 0x00000000e9d00000|  0%| F|  |TAMS 0x00000000e9c00000, 0x00000000e9c00000| Untracked 
| 157|0x00000000e9d00000, 0x00000000e9d00000, 0x00000000e9e00000|  0%| F|  |TAMS 0x00000000e9d00000, 0x00000000e9d00000| Untracked 
| 158|0x00000000e9e00000, 0x00000000e9e00000, 0x00000000e9f00000|  0%| F|  |TAMS 0x00000000e9e00000, 0x00000000e9e00000| Untracked 
| 159|0x00000000e9f00000, 0x00000000e9f00000, 0x00000000ea000000|  0%| F|  |TAMS 0x00000000e9f00000, 0x00000000e9f00000| Untracked 
| 160|0x00000000ea000000, 0x00000000ea000000, 0x00000000ea100000|  0%| F|  |TAMS 0x00000000ea000000, 0x00000000ea000000| Untracked 
| 161|0x00000000ea100000, 0x00000000ea100000, 0x00000000ea200000|  0%| F|  |TAMS 0x00000000ea100000, 0x00000000ea100000| Untracked 
| 162|0x00000000ea200000, 0x00000000ea200000, 0x00000000ea300000|  0%| F|  |TAMS 0x00000000ea200000, 0x00000000ea200000| Untracked 
| 163|0x00000000ea300000, 0x00000000ea300000, 0x00000000ea400000|  0%| F|  |TAMS 0x00000000ea300000, 0x00000000ea300000| Untracked 
| 164|0x00000000ea400000, 0x00000000ea400000, 0x00000000ea500000|  0%| F|  |TAMS 0x00000000ea400000, 0x00000000ea400000| Untracked 
| 165|0x00000000ea500000, 0x00000000ea500000, 0x00000000ea600000|  0%| F|  |TAMS 0x00000000ea500000, 0x00000000ea500000| Untracked 
| 166|0x00000000ea600000, 0x00000000ea600000, 0x00000000ea700000|  0%| F|  |TAMS 0x00000000ea600000, 0x00000000ea600000| Untracked 
| 167|0x00000000ea700000, 0x00000000ea700000, 0x00000000ea800000|  0%| F|  |TAMS 0x00000000ea700000, 0x00000000ea700000| Untracked 
| 168|0x00000000ea800000, 0x00000000ea800000, 0x00000000ea900000|  0%| F|  |TAMS 0x00000000ea800000, 0x00000000ea800000| Untracked 
| 169|0x00000000ea900000, 0x00000000ea900000, 0x00000000eaa00000|  0%| F|  |TAMS 0x00000000ea900000, 0x00000000ea900000| Untracked 
| 170|0x00000000eaa00000, 0x00000000eaa00000, 0x00000000eab00000|  0%| F|  |TAMS 0x00000000eaa00000, 0x00000000eaa00000| Untracked 
| 171|0x00000000eab00000, 0x00000000eab00000, 0x00000000eac00000|  0%| F|  |TAMS 0x00000000eab00000, 0x00000000eab00000| Untracked 
| 172|0x00000000eac00000, 0x00000000eac00000, 0x00000000ead00000|  0%| F|  |TAMS 0x00000000eac00000, 0x00000000eac00000| Untracked 
| 173|0x00000000ead00000, 0x00000000ead00000, 0x00000000eae00000|  0%| F|  |TAMS 0x00000000ead00000, 0x00000000ead00000| Untracked 
| 174|0x00000000eae00000, 0x00000000eae00000, 0x00000000eaf00000|  0%| F|  |TAMS 0x00000000eae00000, 0x00000000eae00000| Untracked 
| 175|0x00000000eaf00000, 0x00000000eaf00000, 0x00000000eb000000|  0%| F|  |TAMS 0x00000000eaf00000, 0x00000000eaf00000| Untracked 
| 176|0x00000000eb000000, 0x00000000eb000000, 0x00000000eb100000|  0%| F|  |TAMS 0x00000000eb000000, 0x00000000eb000000| Untracked 
| 177|0x00000000eb100000, 0x00000000eb100000, 0x00000000eb200000|  0%| F|  |TAMS 0x00000000eb100000, 0x00000000eb100000| Untracked 
| 178|0x00000000eb200000, 0x00000000eb200000, 0x00000000eb300000|  0%| F|  |TAMS 0x00000000eb200000, 0x00000000eb200000| Untracked 
| 179|0x00000000eb300000, 0x00000000eb300000, 0x00000000eb400000|  0%| F|  |TAMS 0x00000000eb300000, 0x00000000eb300000| Untracked 
| 180|0x00000000eb400000, 0x00000000eb400000, 0x00000000eb500000|  0%| F|  |TAMS 0x00000000eb400000, 0x00000000eb400000| Untracked 
| 181|0x00000000eb500000, 0x00000000eb500000, 0x00000000eb600000|  0%| F|  |TAMS 0x00000000eb500000, 0x00000000eb500000| Untracked 
| 182|0x00000000eb600000, 0x00000000eb600000, 0x00000000eb700000|  0%| F|  |TAMS 0x00000000eb600000, 0x00000000eb600000| Untracked 
| 183|0x00000000eb700000, 0x00000000eb700000, 0x00000000eb800000|  0%| F|  |TAMS 0x00000000eb700000, 0x00000000eb700000| Untracked 
| 184|0x00000000eb800000, 0x00000000eb800000, 0x00000000eb900000|  0%| F|  |TAMS 0x00000000eb800000, 0x00000000eb800000| Untracked 
| 185|0x00000000eb900000, 0x00000000eb900000, 0x00000000eba00000|  0%| F|  |TAMS 0x00000000eb900000, 0x00000000eb900000| Untracked 
| 186|0x00000000eba00000, 0x00000000eba00000, 0x00000000ebb00000|  0%| F|  |TAMS 0x00000000eba00000, 0x00000000eba00000| Untracked 
| 187|0x00000000ebb00000, 0x00000000ebb00000, 0x00000000ebc00000|  0%| F|  |TAMS 0x00000000ebb00000, 0x00000000ebb00000| Untracked 
| 188|0x00000000ebc00000, 0x00000000ebc00000, 0x00000000ebd00000|  0%| F|  |TAMS 0x00000000ebc00000, 0x00000000ebc00000| Untracked 
| 189|0x00000000ebd00000, 0x00000000ebd00000, 0x00000000ebe00000|  0%| F|  |TAMS 0x00000000ebd00000, 0x00000000ebd00000| Untracked 
| 190|0x00000000ebe00000, 0x00000000ebe00000, 0x00000000ebf00000|  0%| F|  |TAMS 0x00000000ebe00000, 0x00000000ebe00000| Untracked 
| 191|0x00000000ebf00000, 0x00000000ebf00000, 0x00000000ec000000|  0%| F|  |TAMS 0x00000000ebf00000, 0x00000000ebf00000| Untracked 
| 192|0x00000000ec000000, 0x00000000ec000000, 0x00000000ec100000|  0%| F|  |TAMS 0x00000000ec000000, 0x00000000ec000000| Untracked 
| 193|0x00000000ec100000, 0x00000000ec100000, 0x00000000ec200000|  0%| F|  |TAMS 0x00000000ec100000, 0x00000000ec100000| Untracked 
| 194|0x00000000ec200000, 0x00000000ec200000, 0x00000000ec300000|  0%| F|  |TAMS 0x00000000ec200000, 0x00000000ec200000| Untracked 
| 195|0x00000000ec300000, 0x00000000ec300000, 0x00000000ec400000|  0%| F|  |TAMS 0x00000000ec300000, 0x00000000ec300000| Untracked 
| 196|0x00000000ec400000, 0x00000000ec400000, 0x00000000ec500000|  0%| F|  |TAMS 0x00000000ec400000, 0x00000000ec400000| Untracked 
| 197|0x00000000ec500000, 0x00000000ec500000, 0x00000000ec600000|  0%| F|  |TAMS 0x00000000ec500000, 0x00000000ec500000| Untracked 
| 198|0x00000000ec600000, 0x00000000ec600000, 0x00000000ec700000|  0%| F|  |TAMS 0x00000000ec600000, 0x00000000ec600000| Untracked 
| 199|0x00000000ec700000, 0x00000000ec700000, 0x00000000ec800000|  0%| F|  |TAMS 0x00000000ec700000, 0x00000000ec700000| Untracked 
| 200|0x00000000ec800000, 0x00000000ec800000, 0x00000000ec900000|  0%| F|  |TAMS 0x00000000ec800000, 0x00000000ec800000| Untracked 
| 201|0x00000000ec900000, 0x00000000ec900000, 0x00000000eca00000|  0%| F|  |TAMS 0x00000000ec900000, 0x00000000ec900000| Untracked 
| 202|0x00000000eca00000, 0x00000000eca00000, 0x00000000ecb00000|  0%| F|  |TAMS 0x00000000eca00000, 0x00000000eca00000| Untracked 
| 203|0x00000000ecb00000, 0x00000000ecb00000, 0x00000000ecc00000|  0%| F|  |TAMS 0x00000000ecb00000, 0x00000000ecb00000| Untracked 
| 204|0x00000000ecc00000, 0x00000000ecc00000, 0x00000000ecd00000|  0%| F|  |TAMS 0x00000000ecc00000, 0x00000000ecc00000| Untracked 
| 205|0x00000000ecd00000, 0x00000000ecd00000, 0x00000000ece00000|  0%| F|  |TAMS 0x00000000ecd00000, 0x00000000ecd00000| Untracked 
| 206|0x00000000ece00000, 0x00000000ece00000, 0x00000000ecf00000|  0%| F|  |TAMS 0x00000000ece00000, 0x00000000ece00000| Untracked 
| 207|0x00000000ecf00000, 0x00000000ecf00000, 0x00000000ed000000|  0%| F|  |TAMS 0x00000000ecf00000, 0x00000000ecf00000| Untracked 
| 208|0x00000000ed000000, 0x00000000ed000000, 0x00000000ed100000|  0%| F|  |TAMS 0x00000000ed000000, 0x00000000ed000000| Untracked 
| 209|0x00000000ed100000, 0x00000000ed100000, 0x00000000ed200000|  0%| F|  |TAMS 0x00000000ed100000, 0x00000000ed100000| Untracked 
| 210|0x00000000ed200000, 0x00000000ed200000, 0x00000000ed300000|  0%| F|  |TAMS 0x00000000ed200000, 0x00000000ed200000| Untracked 
| 211|0x00000000ed300000, 0x00000000ed300000, 0x00000000ed400000|  0%| F|  |TAMS 0x00000000ed300000, 0x00000000ed300000| Untracked 
| 212|0x00000000ed400000, 0x00000000ed400000, 0x00000000ed500000|  0%| F|  |TAMS 0x00000000ed400000, 0x00000000ed400000| Untracked 
| 213|0x00000000ed500000, 0x00000000ed500000, 0x00000000ed600000|  0%| F|  |TAMS 0x00000000ed500000, 0x00000000ed500000| Untracked 
| 214|0x00000000ed600000, 0x00000000ed600000, 0x00000000ed700000|  0%| F|  |TAMS 0x00000000ed600000, 0x00000000ed600000| Untracked 
| 215|0x00000000ed700000, 0x00000000ed700000, 0x00000000ed800000|  0%| F|  |TAMS 0x00000000ed700000, 0x00000000ed700000| Untracked 
| 216|0x00000000ed800000, 0x00000000ed800000, 0x00000000ed900000|  0%| F|  |TAMS 0x00000000ed800000, 0x00000000ed800000| Untracked 
| 217|0x00000000ed900000, 0x00000000ed900000, 0x00000000eda00000|  0%| F|  |TAMS 0x00000000ed900000, 0x00000000ed900000| Untracked 
| 218|0x00000000eda00000, 0x00000000eda00000, 0x00000000edb00000|  0%| F|  |TAMS 0x00000000eda00000, 0x00000000eda00000| Untracked 
| 219|0x00000000edb00000, 0x00000000edb00000, 0x00000000edc00000|  0%| F|  |TAMS 0x00000000edb00000, 0x00000000edb00000| Untracked 
| 220|0x00000000edc00000, 0x00000000edc00000, 0x00000000edd00000|  0%| F|  |TAMS 0x00000000edc00000, 0x00000000edc00000| Untracked 
| 221|0x00000000edd00000, 0x00000000edd00000, 0x00000000ede00000|  0%| F|  |TAMS 0x00000000edd00000, 0x00000000edd00000| Untracked 
| 222|0x00000000ede00000, 0x00000000ede00000, 0x00000000edf00000|  0%| F|  |TAMS 0x00000000ede00000, 0x00000000ede00000| Untracked 
| 223|0x00000000edf00000, 0x00000000edf00000, 0x00000000ee000000|  0%| F|  |TAMS 0x00000000edf00000, 0x00000000edf00000| Untracked 
| 224|0x00000000ee000000, 0x00000000ee000000, 0x00000000ee100000|  0%| F|  |TAMS 0x00000000ee000000, 0x00000000ee000000| Untracked 
| 225|0x00000000ee100000, 0x00000000ee100000, 0x00000000ee200000|  0%| F|  |TAMS 0x00000000ee100000, 0x00000000ee100000| Untracked 
| 226|0x00000000ee200000, 0x00000000ee200000, 0x00000000ee300000|  0%| F|  |TAMS 0x00000000ee200000, 0x00000000ee200000| Untracked 
| 227|0x00000000ee300000, 0x00000000ee300000, 0x00000000ee400000|  0%| F|  |TAMS 0x00000000ee300000, 0x00000000ee300000| Untracked 
| 228|0x00000000ee400000, 0x00000000ee400000, 0x00000000ee500000|  0%| F|  |TAMS 0x00000000ee400000, 0x00000000ee400000| Untracked 
| 229|0x00000000ee500000, 0x00000000ee500000, 0x00000000ee600000|  0%| F|  |TAMS 0x00000000ee500000, 0x00000000ee500000| Untracked 
| 230|0x00000000ee600000, 0x00000000ee600000, 0x00000000ee700000|  0%| F|  |TAMS 0x00000000ee600000, 0x00000000ee600000| Untracked 
| 231|0x00000000ee700000, 0x00000000ee700000, 0x00000000ee800000|  0%| F|  |TAMS 0x00000000ee700000, 0x00000000ee700000| Untracked 
| 232|0x00000000ee800000, 0x00000000ee800000, 0x00000000ee900000|  0%| F|  |TAMS 0x00000000ee800000, 0x00000000ee800000| Untracked 
| 233|0x00000000ee900000, 0x00000000ee900000, 0x00000000eea00000|  0%| F|  |TAMS 0x00000000ee900000, 0x00000000ee900000| Untracked 
| 234|0x00000000eea00000, 0x00000000eea00000, 0x00000000eeb00000|  0%| F|  |TAMS 0x00000000eea00000, 0x00000000eea00000| Untracked 
| 235|0x00000000eeb00000, 0x00000000eeb00000, 0x00000000eec00000|  0%| F|  |TAMS 0x00000000eeb00000, 0x00000000eeb00000| Untracked 
| 236|0x00000000eec00000, 0x00000000eec00000, 0x00000000eed00000|  0%| F|  |TAMS 0x00000000eec00000, 0x00000000eec00000| Untracked 
| 237|0x00000000eed00000, 0x00000000eed00000, 0x00000000eee00000|  0%| F|  |TAMS 0x00000000eed00000, 0x00000000eed00000| Untracked 
| 238|0x00000000eee00000, 0x00000000eee00000, 0x00000000eef00000|  0%| F|  |TAMS 0x00000000eee00000, 0x00000000eee00000| Untracked 
| 239|0x00000000eef00000, 0x00000000eef00000, 0x00000000ef000000|  0%| F|  |TAMS 0x00000000eef00000, 0x00000000eef00000| Untracked 
| 240|0x00000000ef000000, 0x00000000ef000000, 0x00000000ef100000|  0%| F|  |TAMS 0x00000000ef000000, 0x00000000ef000000| Untracked 
| 241|0x00000000ef100000, 0x00000000ef100000, 0x00000000ef200000|  0%| F|  |TAMS 0x00000000ef100000, 0x00000000ef100000| Untracked 
| 242|0x00000000ef200000, 0x00000000ef200000, 0x00000000ef300000|  0%| F|  |TAMS 0x00000000ef200000, 0x00000000ef200000| Untracked 
| 243|0x00000000ef300000, 0x00000000ef300000, 0x00000000ef400000|  0%| F|  |TAMS 0x00000000ef300000, 0x00000000ef300000| Untracked 
| 244|0x00000000ef400000, 0x00000000ef400000, 0x00000000ef500000|  0%| F|  |TAMS 0x00000000ef400000, 0x00000000ef400000| Untracked 
| 245|0x00000000ef500000, 0x00000000ef500000, 0x00000000ef600000|  0%| F|  |TAMS 0x00000000ef500000, 0x00000000ef500000| Untracked 
| 246|0x00000000ef600000, 0x00000000ef600000, 0x00000000ef700000|  0%| F|  |TAMS 0x00000000ef600000, 0x00000000ef600000| Untracked 
| 247|0x00000000ef700000, 0x00000000ef700000, 0x00000000ef800000|  0%| F|  |TAMS 0x00000000ef700000, 0x00000000ef700000| Untracked 
| 248|0x00000000ef800000, 0x00000000ef800000, 0x00000000ef900000|  0%| F|  |TAMS 0x00000000ef800000, 0x00000000ef800000| Untracked 
| 249|0x00000000ef900000, 0x00000000ef900000, 0x00000000efa00000|  0%| F|  |TAMS 0x00000000ef900000, 0x00000000ef900000| Untracked 
| 250|0x00000000efa00000, 0x00000000efa00000, 0x00000000efb00000|  0%| F|  |TAMS 0x00000000efa00000, 0x00000000efa00000| Untracked 
| 251|0x00000000efb00000, 0x00000000efb00000, 0x00000000efc00000|  0%| F|  |TAMS 0x00000000efb00000, 0x00000000efb00000| Untracked 
| 252|0x00000000efc00000, 0x00000000efc77190, 0x00000000efd00000| 46%| E|  |TAMS 0x00000000efc00000, 0x00000000efc00000| Complete 
| 253|0x00000000efd00000, 0x00000000efe00000, 0x00000000efe00000|100%| E|CS|TAMS 0x00000000efd00000, 0x00000000efd00000| Complete 
| 254|0x00000000efe00000, 0x00000000eff00000, 0x00000000eff00000|100%| E|CS|TAMS 0x00000000efe00000, 0x00000000efe00000| Complete 
| 255|0x00000000eff00000, 0x00000000f0000000, 0x00000000f0000000|100%| E|CS|TAMS 0x00000000eff00000, 0x00000000eff00000| Complete 

Card table byte_map: [0x0000022e7d9c0000,0x0000022e7dac0000] _byte_map_base: 0x0000022e7d2c0000

Marking Bits (Prev, Next): (CMBitMap*) 0x0000022e7d9398d0, (CMBitMap*) 0x0000022e7d939910
 Prev Bits: [0x0000022e7dbc0000, 0x0000022e7e3c0000)
 Next Bits: [0x0000022e7e3c0000, 0x0000022e7ebc0000)

Polling page: 0x0000022e7b870000

Metaspace:

Usage:
  Non-class:     58.62 MB used.
      Class:      9.58 MB used.
       Both:     68.21 MB used.

Virtual space:
  Non-class space:       64.00 MB reserved,      59.19 MB ( 92%) committed,  1 nodes.
      Class space:      320.00 MB reserved,      10.00 MB (  3%) committed,  1 nodes.
             Both:      384.00 MB reserved,      69.19 MB ( 18%) committed. 

Chunk freelists:
   Non-Class:  4.90 MB
       Class:  6.14 MB
        Both:  11.04 MB

MaxMetaspaceSize: 384.00 MB
CompressedClassSpaceSize: 320.00 MB
Initial GC threshold: 21.00 MB
Current GC threshold: 115.31 MB
CDS: on
MetaspaceReclaimPolicy: balanced
 - commit_granule_bytes: 65536.
 - commit_granule_words: 8192.
 - virtual_space_node_default_size: 8388608.
 - enlarge_chunks_in_place: 1.
 - new_chunks_are_fully_committed: 0.
 - uncommit_free_chunks: 1.
 - use_allocation_guard: 0.
 - handle_deallocations: 1.


Internal statistics:

num_allocs_failed_limit: 12.
num_arena_births: 1148.
num_arena_deaths: 188.
num_vsnodes_births: 2.
num_vsnodes_deaths: 0.
num_space_committed: 1107.
num_space_uncommitted: 0.
num_chunks_returned_to_freelist: 232.
num_chunks_taken_from_freelist: 4149.
num_chunk_merges: 86.
num_chunk_splits: 2650.
num_chunks_enlarged: 1614.
num_inconsistent_stats: 0.

CodeHeap 'non-profiled nmethods': size=120000Kb used=5530Kb max_used=5530Kb free=114470Kb
 bounds [0x0000022e0f530000, 0x0000022e0faa0000, 0x0000022e16a60000]
CodeHeap 'profiled nmethods': size=120000Kb used=18573Kb max_used=18573Kb free=101426Kb
 bounds [0x0000022e07a60000, 0x0000022e08c90000, 0x0000022e0ef90000]
CodeHeap 'non-nmethods': size=5760Kb used=2400Kb max_used=2456Kb free=3359Kb
 bounds [0x0000022e0ef90000, 0x0000022e0f210000, 0x0000022e0f530000]
 total_blobs=10398 nmethods=9465 adapters=844
 compilation: enabled
              stopped_count=0, restarted_count=0
 full_count=0

Compilation events (20 events):
Event: 6375.256 Thread 0x0000022e7f1bc920 10257       3       org.gradle.cache.internal.DefaultMultiProcessSafeIndexedCache::lambda$put$1 (7 bytes)
Event: 6375.257 Thread 0x0000022e7f1bc920 nmethod 10257 0x0000022e08c7da10 code [0x0000022e08c7dbc0, 0x0000022e08c7dce8]
Event: 6375.257 Thread 0x0000022e7f1bc920 10258   !   3       org.gradle.cache.internal.btree.BTreePersistentIndexedCache::put (176 bytes)
Event: 6375.262 Thread 0x0000022e7f1bc920 nmethod 10258 0x0000022e08c7de10 code [0x0000022e08c7e2c0, 0x0000022e08c80ac8]
Event: 6375.262 Thread 0x0000022e7f1bc920 10259       3       org.gradle.cache.internal.btree.BTreePersistentIndexedCache$IndexBlock::access$600 (6 bytes)
Event: 6375.262 Thread 0x0000022e7f1bc920 nmethod 10259 0x0000022e08c81f10 code [0x0000022e08c820a0, 0x0000022e08c821c8]
Event: 6375.262 Thread 0x0000022e7f1bc920 10260       3       org.gradle.internal.io.StreamByteBuffer::createWithChunkSizeInDefaultRange (12 bytes)
Event: 6375.263 Thread 0x0000022e7f1bc920 nmethod 10260 0x0000022e08c82290 code [0x0000022e08c82460, 0x0000022e08c82828]
Event: 6375.263 Thread 0x0000022e7f1bc920 10261       3       org.gradle.cache.internal.btree.StateCheckBlockStore::flush (31 bytes)
Event: 6375.263 Thread 0x0000022e7f1bc920 nmethod 10261 0x0000022e08c82990 code [0x0000022e08c82b40, 0x0000022e08c82d28]
Event: 6375.268 Thread 0x0000022e7f1b3e60 10262       4       org.gradle.internal.hash.HashCode$HashCode128::appendToHasher (21 bytes)
Event: 6375.282 Thread 0x0000022e7f1b3e60 nmethod 10262 0x0000022e0fa94e10 code [0x0000022e0fa94fc0, 0x0000022e0fa95478]
Event: 6375.282 Thread 0x0000022e7f1b3e60 10263       4       java.util.stream.Collectors$CollectorImpl::<init> (13 bytes)
Event: 6375.293 Thread 0x0000022e7f1b3e60 nmethod 10263 0x0000022e0fa95b90 code [0x0000022e0fa95d00, 0x0000022e0fa961d8]
Event: 6375.301 Thread 0x0000022e7f1bc920 10264       3       java.util.concurrent.atomic.AtomicLong::addAndGet (14 bytes)
Event: 6375.301 Thread 0x0000022e7f1bc920 nmethod 10264 0x0000022e08c82e10 code [0x0000022e08c82fa0, 0x0000022e08c830b8]
Event: 6375.311 Thread 0x0000022e7f1bc920 10265       3       org.gradle.api.internal.provider.ValueSupplier$ValueProducer::visitContentProducerTasks (8 bytes)
Event: 6375.312 Thread 0x0000022e7f1bc920 nmethod 10265 0x0000022e08c83190 code [0x0000022e08c83340, 0x0000022e08c83508]
Event: 6375.312 Thread 0x0000022e7f1b3e60 10266       4       java.lang.invoke.DirectMethodHandle$Holder::newInvokeSpecial (28 bytes)
Event: 6375.316 Thread 0x0000022e7f1b3e60 nmethod 10266 0x0000022e0fa96290 code [0x0000022e0fa96420, 0x0000022e0fa96648]

GC Heap History (20 events):
Event: 8.251 GC heap before
{Heap before GC invocations=3 (full 0):
 garbage-first heap   total 262144K, used 133208K [0x00000000e0000000, 0x0000000100000000)
  region size 1024K, 120 young (122880K), 1 survivors (1024K)
 Metaspace       used 21211K, committed 21504K, reserved 393216K
  class space    used 3117K, committed 3264K, reserved 327680K
}
Event: 8.286 GC heap after
{Heap after GC invocations=4 (full 0):
 garbage-first heap   total 262144K, used 22650K [0x00000000e0000000, 0x0000000100000000)
  region size 1024K, 12 young (12288K), 12 survivors (12288K)
 Metaspace       used 21211K, committed 21504K, reserved 393216K
  class space    used 3117K, committed 3264K, reserved 327680K
}
Event: 16.742 GC heap before
{Heap before GC invocations=5 (full 0):
 garbage-first heap   total 262144K, used 140410K [0x00000000e0000000, 0x0000000100000000)
  region size 1024K, 123 young (125952K), 12 survivors (12288K)
 Metaspace       used 35163K, committed 35648K, reserved 393216K
  class space    used 4871K, committed 5120K, reserved 327680K
}
Event: 16.786 GC heap after
{Heap after GC invocations=6 (full 0):
 garbage-first heap   total 262144K, used 30908K [0x00000000e0000000, 0x0000000100000000)
  region size 1024K, 9 young (9216K), 9 survivors (9216K)
 Metaspace       used 35163K, committed 35648K, reserved 393216K
  class space    used 4871K, committed 5120K, reserved 327680K
}
Event: 16.935 GC heap before
{Heap before GC invocations=6 (full 0):
 garbage-first heap   total 262144K, used 33980K [0x00000000e0000000, 0x0000000100000000)
  region size 1024K, 12 young (12288K), 9 survivors (9216K)
 Metaspace       used 35313K, committed 35776K, reserved 393216K
  class space    used 4874K, committed 5120K, reserved 327680K
}
Event: 16.965 GC heap after
{Heap after GC invocations=7 (full 0):
 garbage-first heap   total 262144K, used 31088K [0x00000000e0000000, 0x0000000100000000)
  region size 1024K, 2 young (2048K), 2 survivors (2048K)
 Metaspace       used 35313K, committed 35776K, reserved 393216K
  class space    used 4874K, committed 5120K, reserved 327680K
}
Event: 17.024 GC heap before
{Heap before GC invocations=7 (full 0):
 garbage-first heap   total 262144K, used 33136K [0x00000000e0000000, 0x0000000100000000)
  region size 1024K, 4 young (4096K), 2 survivors (2048K)
 Metaspace       used 35543K, committed 35968K, reserved 393216K
  class space    used 4881K, committed 5120K, reserved 327680K
}
Event: 17.029 GC heap after
{Heap after GC invocations=8 (full 0):
 garbage-first heap   total 262144K, used 30929K [0x00000000e0000000, 0x0000000100000000)
  region size 1024K, 1 young (1024K), 1 survivors (1024K)
 Metaspace       used 35543K, committed 35968K, reserved 393216K
  class space    used 4881K, committed 5120K, reserved 327680K
}
Event: 25.557 GC heap before
{Heap before GC invocations=9 (full 0):
 garbage-first heap   total 262144K, used 197841K [0x00000000e0000000, 0x0000000100000000)
  region size 1024K, 153 young (156672K), 1 survivors (1024K)
 Metaspace       used 52422K, committed 52928K, reserved 393216K
  class space    used 7338K, committed 7552K, reserved 327680K
}
Event: 25.592 GC heap after
{Heap after GC invocations=10 (full 0):
 garbage-first heap   total 262144K, used 51452K [0x00000000e0000000, 0x0000000100000000)
  region size 1024K, 10 young (10240K), 10 survivors (10240K)
 Metaspace       used 52422K, committed 52928K, reserved 393216K
  class space    used 7338K, committed 7552K, reserved 327680K
}
Event: 25.676 GC heap before
{Heap before GC invocations=10 (full 0):
 garbage-first heap   total 262144K, used 52476K [0x00000000e0000000, 0x0000000100000000)
  region size 1024K, 12 young (12288K), 10 survivors (10240K)
 Metaspace       used 52565K, committed 53120K, reserved 393216K
  class space    used 7361K, committed 7616K, reserved 327680K
}
Event: 25.702 GC heap after
{Heap after GC invocations=11 (full 0):
 garbage-first heap   total 262144K, used 52493K [0x00000000e0000000, 0x0000000100000000)
  region size 1024K, 1 young (1024K), 1 survivors (1024K)
 Metaspace       used 52565K, committed 53120K, reserved 393216K
  class space    used 7361K, committed 7616K, reserved 327680K
}
Event: 30.548 GC heap before
{Heap before GC invocations=11 (full 0):
 garbage-first heap   total 262144K, used 145677K [0x00000000e0000000, 0x0000000100000000)
  region size 1024K, 94 young (96256K), 1 survivors (1024K)
 Metaspace       used 60305K, committed 60928K, reserved 393216K
  class space    used 8518K, committed 8768K, reserved 327680K
}
Event: 30.563 GC heap after
{Heap after GC invocations=12 (full 0):
 garbage-first heap   total 262144K, used 56197K [0x00000000e0000000, 0x0000000100000000)
  region size 1024K, 5 young (5120K), 5 survivors (5120K)
 Metaspace       used 60305K, committed 60928K, reserved 393216K
  class space    used 8518K, committed 8768K, reserved 327680K
}
Event: 1143.590 GC heap before
{Heap before GC invocations=13 (full 0):
 garbage-first heap   total 262144K, used 205701K [0x00000000e0000000, 0x0000000100000000)
  region size 1024K, 152 young (155648K), 5 survivors (5120K)
 Metaspace       used 69624K, committed 70400K, reserved 393216K
  class space    used 9852K, committed 10240K, reserved 327680K
}
Event: 1143.626 GC heap after
{Heap after GC invocations=14 (full 0):
 garbage-first heap   total 262144K, used 62733K [0x00000000e0000000, 0x0000000100000000)
  region size 1024K, 11 young (11264K), 11 survivors (11264K)
 Metaspace       used 69624K, committed 70400K, reserved 393216K
  class space    used 9852K, committed 10240K, reserved 327680K
}
Event: 1184.977 GC heap before
{Heap before GC invocations=14 (full 0):
 garbage-first heap   total 262144K, used 63757K [0x00000000e0000000, 0x0000000100000000)
  region size 1024K, 12 young (12288K), 11 survivors (11264K)
 Metaspace       used 69630K, committed 70400K, reserved 393216K
  class space    used 9854K, committed 10240K, reserved 327680K
}
Event: 1185.009 GC heap after
{Heap after GC invocations=15 (full 0):
 garbage-first heap   total 262144K, used 63712K [0x00000000e0000000, 0x0000000100000000)
  region size 1024K, 2 young (2048K), 2 survivors (2048K)
 Metaspace       used 69630K, committed 70400K, reserved 393216K
  class space    used 9854K, committed 10240K, reserved 327680K
}
Event: 6360.364 GC heap before
{Heap before GC invocations=15 (full 0):
 garbage-first heap   total 262144K, used 187616K [0x00000000e0000000, 0x0000000100000000)
  region size 1024K, 124 young (126976K), 2 survivors (2048K)
 Metaspace       used 70036K, committed 70848K, reserved 393216K
  class space    used 9858K, committed 10240K, reserved 327680K
}
Event: 6360.637 GC heap after
{Heap after GC invocations=16 (full 1):
 garbage-first heap   total 262144K, used 57110K [0x00000000e0000000, 0x0000000100000000)
  region size 1024K, 0 young (0K), 0 survivors (0K)
 Metaspace       used 69834K, committed 70848K, reserved 393216K
  class space    used 9811K, committed 10240K, reserved 327680K
}

Dll operation events (17 events):
Event: 0.021 Loaded shared library C:\Users\eduar\.jdks\corretto-17.0.11\bin\java.dll
Event: 0.060 Loaded shared library C:\Users\eduar\.jdks\corretto-17.0.11\bin\jsvml.dll
Event: 0.203 Loaded shared library C:\Users\eduar\.jdks\corretto-17.0.11\bin\zip.dll
Event: 0.213 Loaded shared library C:\Users\eduar\.jdks\corretto-17.0.11\bin\instrument.dll
Event: 0.231 Loaded shared library C:\Users\eduar\.jdks\corretto-17.0.11\bin\net.dll
Event: 0.235 Loaded shared library C:\Users\eduar\.jdks\corretto-17.0.11\bin\nio.dll
Event: 0.247 Loaded shared library C:\Users\eduar\.jdks\corretto-17.0.11\bin\zip.dll
Event: 0.711 Loaded shared library C:\Users\eduar\.jdks\corretto-17.0.11\bin\jimage.dll
Event: 0.870 Loaded shared library C:\Users\eduar\.jdks\corretto-17.0.11\bin\verify.dll
Event: 1.317 Loaded shared library C:\Users\eduar\.gradle\native\c067742578af261105cb4f569cf0c3c89f3d7b1fecec35dd04571415982c5e48\windows-amd64\native-platform.dll
Event: 1.329 Loaded shared library C:\Users\eduar\.gradle\native\38dada09dfb8b06ba9b0570ebf7e218e3eb74d4ef43ca46872605cf95ebc2f47\windows-amd64\native-platform-file-events.dll
Event: 3.474 Loaded shared library C:\Users\eduar\.jdks\corretto-17.0.11\bin\management.dll
Event: 3.483 Loaded shared library C:\Users\eduar\.jdks\corretto-17.0.11\bin\management_ext.dll
Event: 3.962 Loaded shared library C:\Users\eduar\.jdks\corretto-17.0.11\bin\extnet.dll
Event: 5.019 Loaded shared library C:\Users\eduar\.jdks\corretto-17.0.11\bin\sunmscapi.dll
Event: 33.220 Loaded shared library C:\Users\eduar\AppData\Local\Temp\native-platform1807351684207700917dir\native-platform.dll
Event: 34.576 Loaded shared library C:\Users\eduar\.jdks\corretto-17.0.11\bin\rmi.dll

Deoptimization events (20 events):
Event: 6360.640 Thread 0x0000022e341b4cd0 Uncommon trap: trap_request=0xffffff45 fr.pc=0x0000022e0f9ec274 relative=0x0000000000004434
Event: 6360.640 Thread 0x0000022e341b4cd0 Uncommon trap: reason=unstable_if action=reinterpret pc=0x0000022e0f9ec274 method=org.gradle.launcher.daemon.server.health.gc.GarbageCollectionCheck.run()V @ 100 c2
Event: 6360.640 Thread 0x0000022e341b4cd0 DEOPT PACKING pc=0x0000022e0f9ec274 sp=0x0000002f3a6ff170
Event: 6360.640 Thread 0x0000022e341b4cd0 DEOPT UNPACKING pc=0x0000022e0efe69a3 sp=0x0000002f3a6ff160 mode 2
Event: 6374.756 Thread 0x0000022e33d6eec0 Uncommon trap: trap_request=0xffffff45 fr.pc=0x0000022e0f6df5d8 relative=0x00000000000003b8
Event: 6374.756 Thread 0x0000022e33d6eec0 Uncommon trap: reason=unstable_if action=reinterpret pc=0x0000022e0f6df5d8 method=java.lang.ref.SoftReference.get()Ljava/lang/Object; @ 6 c2
Event: 6374.756 Thread 0x0000022e33d6eec0 DEOPT PACKING pc=0x0000022e0f6df5d8 sp=0x0000002f3dcfdb30
Event: 6374.756 Thread 0x0000022e33d6eec0 DEOPT UNPACKING pc=0x0000022e0efe69a3 sp=0x0000002f3dcfda78 mode 2
Event: 6374.758 Thread 0x0000022e33d6eec0 Uncommon trap: trap_request=0xffffff45 fr.pc=0x0000022e0fa8eee4 relative=0x0000000000000144
Event: 6374.758 Thread 0x0000022e33d6eec0 Uncommon trap: reason=unstable_if action=reinterpret pc=0x0000022e0fa8eee4 method=java.lang.ClassValue.match(Ljava/lang/ClassValue$Entry;)Z @ 12 c2
Event: 6374.758 Thread 0x0000022e33d6eec0 DEOPT PACKING pc=0x0000022e0fa8eee4 sp=0x0000002f3dcfdd10
Event: 6374.758 Thread 0x0000022e33d6eec0 DEOPT UNPACKING pc=0x0000022e0efe69a3 sp=0x0000002f3dcfdc60 mode 2
Event: 6374.783 Thread 0x0000022e33d6eec0 Uncommon trap: trap_request=0xffffff45 fr.pc=0x0000022e0f64f538 relative=0x00000000000000b8
Event: 6374.783 Thread 0x0000022e33d6eec0 Uncommon trap: reason=unstable_if action=reinterpret pc=0x0000022e0f64f538 method=java.lang.ref.SoftReference.get()Ljava/lang/Object; @ 6 c2
Event: 6374.783 Thread 0x0000022e33d6eec0 DEOPT PACKING pc=0x0000022e0f64f538 sp=0x0000002f3dcfda10
Event: 6374.783 Thread 0x0000022e33d6eec0 DEOPT UNPACKING pc=0x0000022e0efe69a3 sp=0x0000002f3dcfd9c8 mode 2
Event: 6375.192 Thread 0x0000022e33d6e9b0 Uncommon trap: trap_request=0xffffff45 fr.pc=0x0000022e0fa10ea0 relative=0x0000000000000fa0
Event: 6375.192 Thread 0x0000022e33d6e9b0 Uncommon trap: reason=unstable_if action=reinterpret pc=0x0000022e0fa10ea0 method=java.util.concurrent.ScheduledThreadPoolExecutor$DelayedWorkQueue.take()Ljava/util/concurrent/RunnableScheduledFuture; @ 136 c2
Event: 6375.192 Thread 0x0000022e33d6e9b0 DEOPT PACKING pc=0x0000022e0fa10ea0 sp=0x0000002f3e1ff330
Event: 6375.192 Thread 0x0000022e33d6e9b0 DEOPT UNPACKING pc=0x0000022e0efe69a3 sp=0x0000002f3e1ff228 mode 2

Classes unloaded (20 events):
Event: 6360.452 Thread 0x0000022e7f190a90 Unloading class 0x0000022e1a1d1c00 'java/lang/invoke/LambdaForm$MH+0x0000022e1a1d1c00'
Event: 6360.452 Thread 0x0000022e7f190a90 Unloading class 0x0000022e1a1d1800 'java/lang/invoke/LambdaForm$MH+0x0000022e1a1d1800'
Event: 6360.452 Thread 0x0000022e7f190a90 Unloading class 0x0000022e1a1d0800 'java/lang/invoke/LambdaForm$MH+0x0000022e1a1d0800'
Event: 6360.452 Thread 0x0000022e7f190a90 Unloading class 0x0000022e1a1d0400 'java/lang/invoke/LambdaForm$BMH+0x0000022e1a1d0400'
Event: 6360.453 Thread 0x0000022e7f190a90 Unloading class 0x0000022e1a102400 'java/lang/invoke/LambdaForm$DMH+0x0000022e1a102400'
Event: 6360.453 Thread 0x0000022e7f190a90 Unloading class 0x0000022e1a101c00 'java/lang/invoke/LambdaForm$DMH+0x0000022e1a101c00'
Event: 6360.453 Thread 0x0000022e7f190a90 Unloading class 0x0000022e1a101800 'java/lang/invoke/LambdaForm$MH+0x0000022e1a101800'
Event: 6360.453 Thread 0x0000022e7f190a90 Unloading class 0x0000022e1a101400 'java/lang/invoke/LambdaForm$MH+0x0000022e1a101400'
Event: 6360.453 Thread 0x0000022e7f190a90 Unloading class 0x0000022e1a101000 'java/lang/invoke/LambdaForm$MH+0x0000022e1a101000'
Event: 6360.453 Thread 0x0000022e7f190a90 Unloading class 0x0000022e1a100c00 'java/lang/invoke/LambdaForm$MH+0x0000022e1a100c00'
Event: 6360.453 Thread 0x0000022e7f190a90 Unloading class 0x0000022e1a100800 'java/lang/invoke/LambdaForm$MH+0x0000022e1a100800'
Event: 6360.453 Thread 0x0000022e7f190a90 Unloading class 0x0000022e1a0de400 'java/lang/invoke/LambdaForm$MH+0x0000022e1a0de400'
Event: 6360.453 Thread 0x0000022e7f190a90 Unloading class 0x0000022e1a0ddc00 'java/lang/invoke/LambdaForm$MH+0x0000022e1a0ddc00'
Event: 6360.453 Thread 0x0000022e7f190a90 Unloading class 0x0000022e1a0dd800 'java/lang/invoke/LambdaForm$MH+0x0000022e1a0dd800'
Event: 6360.453 Thread 0x0000022e7f190a90 Unloading class 0x0000022e1a0dd400 'java/lang/invoke/LambdaForm$MH+0x0000022e1a0dd400'
Event: 6360.453 Thread 0x0000022e7f190a90 Unloading class 0x0000022e1a0dd000 'java/lang/invoke/LambdaForm$MH+0x0000022e1a0dd000'
Event: 6360.453 Thread 0x0000022e7f190a90 Unloading class 0x0000022e1a0dc800 'java/lang/invoke/LambdaForm$MH+0x0000022e1a0dc800'
Event: 6360.453 Thread 0x0000022e7f190a90 Unloading class 0x0000022e1a02ac00 'java/lang/invoke/LambdaForm$MH+0x0000022e1a02ac00'
Event: 6360.453 Thread 0x0000022e7f190a90 Unloading class 0x0000022e1a02a800 'java/lang/invoke/LambdaForm$MH+0x0000022e1a02a800'
Event: 6360.453 Thread 0x0000022e7f190a90 Unloading class 0x0000022e1a028400 'java/lang/invoke/LambdaForm$MH+0x0000022e1a028400'

Classes redefined (0 events):
No events

Internal exceptions (20 events):
Event: 1686.013 Thread 0x0000022e33d72670 Exception <a 'java/net/ConnectException'{0x00000000efa09e58}: Connection refused: connect> (0x00000000efa09e58) 
thrown [s\src\hotspot\share\prims\jni.cpp, line 535]
Event: 1686.013 Thread 0x0000022e33d72670 Exception <a 'java/net/SocketException'{0x00000000efa0a190}: Socket is not connected: shutdown> (0x00000000efa0a190) 
thrown [s\src\hotspot\share\prims\jni.cpp, line 535]
Event: 1686.028 Thread 0x0000022e33d72670 Exception <a 'java/net/ConnectException'{0x00000000efa0a9c0}: Connection refused: connect> (0x00000000efa0a9c0) 
thrown [s\src\hotspot\share\prims\jni.cpp, line 535]
Event: 1686.028 Thread 0x0000022e33d72670 Exception <a 'java/net/SocketException'{0x00000000efa0acf8}: Socket is not connected: shutdown> (0x00000000efa0acf8) 
thrown [s\src\hotspot\share\prims\jni.cpp, line 535]
Event: 1686.044 Thread 0x0000022e33d72670 Exception <a 'java/net/ConnectException'{0x00000000efa0b528}: Connection refused: connect> (0x00000000efa0b528) 
thrown [s\src\hotspot\share\prims\jni.cpp, line 535]
Event: 1686.044 Thread 0x0000022e33d72670 Exception <a 'java/net/SocketException'{0x00000000efa0b860}: Socket is not connected: shutdown> (0x00000000efa0b860) 
thrown [s\src\hotspot\share\prims\jni.cpp, line 535]
Event: 1863.783 Thread 0x0000022e3379f680 Exception <a 'java/net/ConnectException'{0x00000000efbf8f80}: Connection refused: connect> (0x00000000efbf8f80) 
thrown [s\src\hotspot\share\prims\jni.cpp, line 535]
Event: 1863.784 Thread 0x0000022e3379f680 Exception <a 'java/net/SocketException'{0x00000000efbf92b8}: Socket is not connected: shutdown> (0x00000000efbf92b8) 
thrown [s\src\hotspot\share\prims\jni.cpp, line 535]
Event: 1863.798 Thread 0x0000022e3379f680 Exception <a 'java/net/ConnectException'{0x00000000efbf9ae8}: Connection refused: connect> (0x00000000efbf9ae8) 
thrown [s\src\hotspot\share\prims\jni.cpp, line 535]
Event: 1863.799 Thread 0x0000022e3379f680 Exception <a 'java/net/SocketException'{0x00000000efbf9e20}: Socket is not connected: shutdown> (0x00000000efbf9e20) 
thrown [s\src\hotspot\share\prims\jni.cpp, line 535]
Event: 1863.814 Thread 0x0000022e3379f680 Exception <a 'java/net/ConnectException'{0x00000000efbfa650}: Connection refused: connect> (0x00000000efbfa650) 
thrown [s\src\hotspot\share\prims\jni.cpp, line 535]
Event: 1863.815 Thread 0x0000022e3379f680 Exception <a 'java/net/SocketException'{0x00000000efbfa988}: Socket is not connected: shutdown> (0x00000000efbfa988) 
thrown [s\src\hotspot\share\prims\jni.cpp, line 535]
Event: 6354.122 Thread 0x0000022e3379d820 Exception <a 'sun/nio/fs/WindowsException'{0x00000000ea1cc128}> (0x00000000ea1cc128) 
thrown [s\src\hotspot\share\prims\jni.cpp, line 516]
Event: 6354.124 Thread 0x0000022e3379d820 Exception <a 'sun/nio/fs/WindowsException'{0x00000000ea1cd6b0}> (0x00000000ea1cd6b0) 
thrown [s\src\hotspot\share\prims\jni.cpp, line 516]
Event: 6354.125 Thread 0x0000022e3379d820 Exception <a 'sun/nio/fs/WindowsException'{0x00000000ea1cec38}> (0x00000000ea1cec38) 
thrown [s\src\hotspot\share\prims\jni.cpp, line 516]
Event: 6354.126 Thread 0x0000022e3379d820 Exception <a 'sun/nio/fs/WindowsException'{0x00000000ea1d01a0}> (0x00000000ea1d01a0) 
thrown [s\src\hotspot\share\prims\jni.cpp, line 516]
Event: 6355.782 Thread 0x0000022e3379d820 Implicit null exception at 0x0000022e0fa6a3d7 to 0x0000022e0fa6ab04
Event: 6356.478 Thread 0x0000022e33d744d0 Exception <a 'sun/nio/fs/WindowsException'{0x00000000e8b4b8b8}> (0x00000000e8b4b8b8) 
thrown [s\src\hotspot\share\prims\jni.cpp, line 516]
Event: 6358.639 Thread 0x0000022e33d6f8e0 Exception <a 'java/lang/InterruptedException'{0x00000000e8442998}> (0x00000000e8442998) 
thrown [s\src\hotspot\share\runtime\objectMonitor.cpp, line 1658]
Event: 6374.756 Thread 0x0000022e33d6eec0 Implicit null exception at 0x0000022e0f6df3c2 to 0x0000022e0f6df5c0

VM Operations (20 events):
Event: 6352.676 Executing VM operation: Cleanup
Event: 6352.676 Executing VM operation: Cleanup done
Event: 6353.685 Executing VM operation: Cleanup
Event: 6353.719 Executing VM operation: Cleanup done
Event: 6354.719 Executing VM operation: Cleanup
Event: 6354.719 Executing VM operation: Cleanup done
Event: 6355.487 Executing VM operation: ICBufferFull
Event: 6355.487 Executing VM operation: ICBufferFull done
Event: 6356.491 Executing VM operation: Cleanup
Event: 6356.492 Executing VM operation: Cleanup done
Event: 6357.494 Executing VM operation: Cleanup
Event: 6357.494 Executing VM operation: Cleanup done
Event: 6359.508 Executing VM operation: Cleanup
Event: 6360.353 Executing VM operation: Cleanup done
Event: 6360.354 Executing VM operation: G1CollectFull
Event: 6360.638 Executing VM operation: G1CollectFull done
Event: 6374.664 Executing VM operation: Cleanup
Event: 6374.664 Executing VM operation: Cleanup done
Event: 6374.714 Executing VM operation: HandshakeAllThreads
Event: 6374.714 Executing VM operation: HandshakeAllThreads done

Events (20 events):
Event: 6355.785 Thread 0x0000022e33d744d0 Thread added: 0x0000022e33d744d0
Event: 6355.786 Thread 0x0000022e33d71c50 Thread added: 0x0000022e33d71c50
Event: 6355.786 Thread 0x0000022e33d735a0 Thread added: 0x0000022e33d735a0
Event: 6355.792 Thread 0x0000022e33d72670 Thread added: 0x0000022e33d72670
Event: 6355.976 Thread 0x0000022e33d70d20 Thread added: 0x0000022e33d70d20
Event: 6355.977 Thread 0x0000022e33d6d060 Thread added: 0x0000022e33d6d060
Event: 6356.018 Thread 0x0000022e33d70300 Thread added: 0x0000022e33d70300
Event: 6356.019 Thread 0x0000022e33d72b80 Thread added: 0x0000022e33d72b80
Event: 6356.019 Thread 0x0000022e33d6d570 Thread added: 0x0000022e33d6d570
Event: 6356.055 Thread 0x0000022e33d749e0 Thread added: 0x0000022e33d749e0
Event: 6356.056 Thread 0x0000022e33d73090 Thread added: 0x0000022e33d73090
Event: 6356.056 Thread 0x0000022e33d6f3d0 Thread added: 0x0000022e33d6f3d0
Event: 6356.282 Thread 0x0000022e368a8dd0 Thread exited: 0x0000022e368a8dd0
Event: 6356.474 Thread 0x0000022e33d73ab0 Thread added: 0x0000022e33d73ab0
Event: 6356.523 Thread 0x0000022e33d73fc0 Thread added: 0x0000022e33d73fc0
Event: 6358.486 Thread 0x0000022e33d73fc0 Thread exited: 0x0000022e33d73fc0
Event: 6358.611 Thread 0x0000022e33d6f8e0 Thread added: 0x0000022e33d6f8e0
Event: 6358.611 Thread 0x0000022e33d73fc0 Thread added: 0x0000022e33d73fc0
Event: 6358.683 Thread 0x0000022e33d6da80 Thread added: 0x0000022e33d6da80
Event: 6358.815 Thread 0x0000022e33d6eec0 Thread added: 0x0000022e33d6eec0


Dynamic libraries:
0x00007ff619520000 - 0x00007ff61952e000 	C:\Users\eduar\.jdks\corretto-17.0.11\bin\java.exe
0x00007ffbae350000 - 0x00007ffbae567000 	C:\WINDOWS\SYSTEM32\ntdll.dll
0x00007ffbad150000 - 0x00007ffbad214000 	C:\WINDOWS\System32\KERNEL32.DLL
0x00007ffbab730000 - 0x00007ffbabadc000 	C:\WINDOWS\System32\KERNELBASE.dll
0x00007ffbabf00000 - 0x00007ffbac011000 	C:\WINDOWS\System32\ucrtbase.dll
0x00007ffb8d410000 - 0x00007ffb8d427000 	C:\Users\eduar\.jdks\corretto-17.0.11\bin\jli.dll
0x00007ffb8b8d0000 - 0x00007ffb8b8eb000 	C:\Users\eduar\.jdks\corretto-17.0.11\bin\VCRUNTIME140.dll
0x00007ffbacfa0000 - 0x00007ffbad14e000 	C:\WINDOWS\System32\USER32.dll
0x00007ffbabed0000 - 0x00007ffbabef6000 	C:\WINDOWS\System32\win32u.dll
0x00007ffb90520000 - 0x00007ffb907b3000 	C:\WINDOWS\WinSxS\amd64_microsoft.windows.common-controls_6595b64144ccf1df_6.0.22621.3672_none_2713b9d173822955\COMCTL32.dll
0x00007ffbad220000 - 0x00007ffbad2c7000 	C:\WINDOWS\System32\msvcrt.dll
0x00007ffbac5c0000 - 0x00007ffbac5e9000 	C:\WINDOWS\System32\GDI32.dll
0x00007ffbabae0000 - 0x00007ffbabbf9000 	C:\WINDOWS\System32\gdi32full.dll
0x00007ffbabe30000 - 0x00007ffbabeca000 	C:\WINDOWS\System32\msvcp_win.dll
0x00007ffbada00000 - 0x00007ffbada31000 	C:\WINDOWS\System32\IMM32.DLL
0x00007ffba1130000 - 0x00007ffba113c000 	C:\Users\eduar\.jdks\corretto-17.0.11\bin\vcruntime140_1.dll
0x00007ffb7e8d0000 - 0x00007ffb7e95d000 	C:\Users\eduar\.jdks\corretto-17.0.11\bin\msvcp140.dll
0x00007ffb71980000 - 0x00007ffb725e2000 	C:\Users\eduar\.jdks\corretto-17.0.11\bin\server\jvm.dll
0x00007ffbad940000 - 0x00007ffbad9f2000 	C:\WINDOWS\System32\ADVAPI32.dll
0x00007ffbacc90000 - 0x00007ffbacd3a000 	C:\WINDOWS\System32\sechost.dll
0x00007ffbab700000 - 0x00007ffbab728000 	C:\WINDOWS\System32\bcrypt.dll
0x00007ffbac110000 - 0x00007ffbac225000 	C:\WINDOWS\System32\RPCRT4.dll
0x00007ffbab100000 - 0x00007ffbab14d000 	C:\WINDOWS\SYSTEM32\POWRPROF.dll
0x00007ffba6980000 - 0x00007ffba6989000 	C:\WINDOWS\SYSTEM32\WSOCK32.dll
0x00007ffbac090000 - 0x00007ffbac101000 	C:\WINDOWS\System32\WS2_32.dll
0x00007ffb9dfb0000 - 0x00007ffb9dfba000 	C:\WINDOWS\SYSTEM32\VERSION.dll
0x00007ffb86900000 - 0x00007ffb86934000 	C:\WINDOWS\SYSTEM32\WINMM.dll
0x00007ffbaaff0000 - 0x00007ffbab003000 	C:\WINDOWS\SYSTEM32\UMPDC.dll
0x00007ffbaa6b0000 - 0x00007ffbaa6c8000 	C:\WINDOWS\SYSTEM32\kernel.appcore.dll
0x00007ffb8c690000 - 0x00007ffb8c69a000 	C:\Users\eduar\.jdks\corretto-17.0.11\bin\jimage.dll
0x00007ffba6710000 - 0x00007ffba6942000 	C:\WINDOWS\SYSTEM32\DBGHELP.DLL
0x00007ffbac230000 - 0x00007ffbac5b8000 	C:\WINDOWS\System32\combase.dll
0x00007ffbacea0000 - 0x00007ffbacf77000 	C:\WINDOWS\System32\OLEAUT32.dll
0x00007ffba66a0000 - 0x00007ffba66d2000 	C:\WINDOWS\SYSTEM32\dbgcore.DLL
0x00007ffbab680000 - 0x00007ffbab6fb000 	C:\WINDOWS\System32\bcryptPrimitives.dll
0x00007ffb8c3a0000 - 0x00007ffb8c3ae000 	C:\Users\eduar\.jdks\corretto-17.0.11\bin\instrument.dll
0x00007ffb80890000 - 0x00007ffb808b5000 	C:\Users\eduar\.jdks\corretto-17.0.11\bin\java.dll
0x00007ffb74c00000 - 0x00007ffb74cd7000 	C:\Users\eduar\.jdks\corretto-17.0.11\bin\jsvml.dll
0x00007ffbada50000 - 0x00007ffbae2ac000 	C:\WINDOWS\System32\SHELL32.dll
0x00007ffba95d0000 - 0x00007ffba9ec7000 	C:\WINDOWS\SYSTEM32\windows.storage.dll
0x00007ffba9490000 - 0x00007ffba95cf000 	C:\WINDOWS\SYSTEM32\wintypes.dll
0x00007ffbad460000 - 0x00007ffbad554000 	C:\WINDOWS\System32\SHCORE.dll
0x00007ffbad8d0000 - 0x00007ffbad92e000 	C:\WINDOWS\System32\shlwapi.dll
0x00007ffbab5b0000 - 0x00007ffbab5d1000 	C:\WINDOWS\SYSTEM32\profapi.dll
0x00007ffb86660000 - 0x00007ffb86678000 	C:\Users\eduar\.jdks\corretto-17.0.11\bin\zip.dll
0x00007ffb86410000 - 0x00007ffb86429000 	C:\Users\eduar\.jdks\corretto-17.0.11\bin\net.dll
0x00007ffba2f60000 - 0x00007ffba3096000 	C:\WINDOWS\SYSTEM32\WINHTTP.dll
0x00007ffbaab20000 - 0x00007ffbaab89000 	C:\WINDOWS\system32\mswsock.dll
0x00007ffb819d0000 - 0x00007ffb819e6000 	C:\Users\eduar\.jdks\corretto-17.0.11\bin\nio.dll
0x00007ffb8a290000 - 0x00007ffb8a2a0000 	C:\Users\eduar\.jdks\corretto-17.0.11\bin\verify.dll
0x00007ffb7ea90000 - 0x00007ffb7eab7000 	C:\Users\eduar\.gradle\native\c067742578af261105cb4f569cf0c3c89f3d7b1fecec35dd04571415982c5e48\windows-amd64\native-platform.dll
0x00007ffb74980000 - 0x00007ffb74ac4000 	C:\Users\eduar\.gradle\native\38dada09dfb8b06ba9b0570ebf7e218e3eb74d4ef43ca46872605cf95ebc2f47\windows-amd64\native-platform-file-events.dll
0x00007ffb89290000 - 0x00007ffb89299000 	C:\Users\eduar\.jdks\corretto-17.0.11\bin\management.dll
0x00007ffb89080000 - 0x00007ffb8908b000 	C:\Users\eduar\.jdks\corretto-17.0.11\bin\management_ext.dll
0x00007ffbada40000 - 0x00007ffbada48000 	C:\WINDOWS\System32\PSAPI.DLL
0x00007ffbaad80000 - 0x00007ffbaad9b000 	C:\WINDOWS\SYSTEM32\CRYPTSP.dll
0x00007ffbaa610000 - 0x00007ffbaa645000 	C:\WINDOWS\system32\rsaenh.dll
0x00007ffbaac20000 - 0x00007ffbaac48000 	C:\WINDOWS\SYSTEM32\USERENV.dll
0x00007ffbaaf30000 - 0x00007ffbaaf3c000 	C:\WINDOWS\SYSTEM32\CRYPTBASE.dll
0x00007ffbaa120000 - 0x00007ffbaa14d000 	C:\WINDOWS\SYSTEM32\IPHLPAPI.DLL
0x00007ffbacf80000 - 0x00007ffbacf89000 	C:\WINDOWS\System32\NSI.dll
0x00007ffba5fa0000 - 0x00007ffba5fb9000 	C:\WINDOWS\SYSTEM32\dhcpcsvc6.DLL
0x00007ffba5f80000 - 0x00007ffba5f9f000 	C:\WINDOWS\SYSTEM32\dhcpcsvc.DLL
0x00007ffbaa150000 - 0x00007ffbaa248000 	C:\WINDOWS\SYSTEM32\DNSAPI.dll
0x00007ffb88b40000 - 0x00007ffb88b49000 	C:\Users\eduar\.jdks\corretto-17.0.11\bin\extnet.dll
0x00007ffb80820000 - 0x00007ffb8082e000 	C:\Users\eduar\.jdks\corretto-17.0.11\bin\sunmscapi.dll
0x00007ffbabcc0000 - 0x00007ffbabe27000 	C:\WINDOWS\System32\CRYPT32.dll
0x00007ffbaafc0000 - 0x00007ffbaafee000 	C:\WINDOWS\SYSTEM32\ncrypt.dll
0x00007ffbaaf70000 - 0x00007ffbaafa7000 	C:\WINDOWS\SYSTEM32\NTASN1.dll
0x00007ffb63600000 - 0x00007ffb63608000 	C:\WINDOWS\system32\wshunix.dll
0x00007ffb980c0000 - 0x00007ffb980d7000 	C:\WINDOWS\system32\napinsp.dll
0x00007ffb947f0000 - 0x00007ffb9480b000 	C:\WINDOWS\system32\pnrpnsp.dll
0x00007ffb947c0000 - 0x00007ffb947d1000 	C:\WINDOWS\System32\winrnr.dll
0x00007ffba12b0000 - 0x00007ffba12c5000 	C:\WINDOWS\system32\wshbth.dll
0x00007ffb94790000 - 0x00007ffb947b7000 	C:\WINDOWS\system32\nlansp_c.dll
0x00007ffba0910000 - 0x00007ffba091a000 	C:\Windows\System32\rasadhlp.dll
0x00007ffba47e0000 - 0x00007ffba4863000 	C:\WINDOWS\System32\fwpuclnt.dll
0x00007ffb80660000 - 0x00007ffb8067e000 	C:\Users\eduar\AppData\Local\Temp\native-platform1807351684207700917dir\native-platform.dll
0x00007ffb7f7e0000 - 0x00007ffb7f7e7000 	C:\Users\eduar\.jdks\corretto-17.0.11\bin\rmi.dll

dbghelp: loaded successfully - version: 4.0.5 - missing functions: none
symbol engine: initialized successfully - sym options: 0x614 - pdb path: .;C:\Users\eduar\.jdks\corretto-17.0.11\bin;C:\WINDOWS\SYSTEM32;C:\WINDOWS\WinSxS\amd64_microsoft.windows.common-controls_6595b64144ccf1df_6.0.22621.3672_none_2713b9d173822955;C:\Users\eduar\.jdks\corretto-17.0.11\bin\server;C:\Users\eduar\.gradle\native\c067742578af261105cb4f569cf0c3c89f3d7b1fecec35dd04571415982c5e48\windows-amd64;C:\Users\eduar\.gradle\native\38dada09dfb8b06ba9b0570ebf7e218e3eb74d4ef43ca46872605cf95ebc2f47\windows-amd64;C:\Users\eduar\AppData\Local\Temp\native-platform1807351684207700917dir

VM Arguments:
jvm_args: --add-opens=java.base/java.util=ALL-UNNAMED --add-opens=java.base/java.lang=ALL-UNNAMED --add-opens=java.base/java.lang.invoke=ALL-UNNAMED --add-opens=java.prefs/java.util.prefs=ALL-UNNAMED --add-opens=java.base/java.nio.charset=ALL-UNNAMED --add-opens=java.base/java.net=ALL-UNNAMED --add-opens=java.base/java.util.concurrent.atomic=ALL-UNNAMED -XX:MaxMetaspaceSize=384m -XX:+HeapDumpOnOutOfMemoryError -Xms256m -Xmx512m -Dfile.encoding=windows-1252 -Duser.country=BR -Duser.language=pt -Duser.variant -javaagent:C:\Users\eduar\.gradle\wrapper\dists\gradle-8.5-bin\5t9huq95ubn472n8rpzujfbqh\gradle-8.5\lib\agents\gradle-instrumentation-agent-8.5.jar 
java_command: org.gradle.launcher.daemon.bootstrap.GradleDaemon 8.5
java_class_path (initial): C:\Users\eduar\.gradle\wrapper\dists\gradle-8.5-bin\5t9huq95ubn472n8rpzujfbqh\gradle-8.5\lib\gradle-launcher-8.5.jar
Launcher Type: SUN_STANDARD

[Global flags]
     intx CICompilerCount                          = 3                                         {product} {ergonomic}
   size_t CompressedClassSpaceSize                 = 335544320                                 {product} {ergonomic}
     uint ConcGCThreads                            = 1                                         {product} {ergonomic}
     uint G1ConcRefinementThreads                  = 4                                         {product} {ergonomic}
   size_t G1HeapRegionSize                         = 1048576                                   {product} {ergonomic}
    uintx GCDrainStackTargetSize                   = 64                                        {product} {ergonomic}
     bool HeapDumpOnOutOfMemoryError               = true                                   {manageable} {command line}
   size_t InitialHeapSize                          = 268435456                                 {product} {command line}
   size_t MarkStackSize                            = 4194304                                   {product} {ergonomic}
   size_t MaxHeapSize                              = 536870912                                 {product} {command line}
   size_t MaxMetaspaceSize                         = 402653184                                 {product} {command line}
   size_t MaxNewSize                               = 321912832                                 {product} {ergonomic}
   size_t MinHeapDeltaBytes                        = 1048576                                   {product} {ergonomic}
   size_t MinHeapSize                              = 268435456                                 {product} {command line}
    uintx NonNMethodCodeHeapSize                   = 5832780                                {pd product} {ergonomic}
    uintx NonProfiledCodeHeapSize                  = 122912730                              {pd product} {ergonomic}
    uintx ProfiledCodeHeapSize                     = 122912730                              {pd product} {ergonomic}
    uintx ReservedCodeCacheSize                    = 251658240                              {pd product} {ergonomic}
     bool SegmentedCodeCache                       = true                                      {product} {ergonomic}
   size_t SoftMaxHeapSize                          = 536870912                              {manageable} {ergonomic}
     bool UseCompressedClassPointers               = true                           {product lp64_product} {ergonomic}
     bool UseCompressedOops                        = true                           {product lp64_product} {ergonomic}
     bool UseG1GC                                  = true                                      {product} {ergonomic}
     bool UseLargePagesIndividualAllocation        = false                                  {pd product} {ergonomic}

Logging:
Log output configuration:
 #0: stdout all=warning uptime,level,tags
 #1: stderr all=off uptime,level,tags

Environment Variables:
PATH=C:\WINDOWS\system32;C:\WINDOWS;C:\WINDOWS\System32\Wbem;C:\WINDOWS\System32\WindowsPowerShell\v1.0\;C:\WINDOWS\System32\OpenSSH\;C:\Program Files\PowerShell\7\;C:\Program Files\Docker\Docker\resources\bin;C:\Program Files\Git\cmd;C:\Users\eduar\AppData\Local\Microsoft\WindowsApps;;C:\Program Files\JetBrains\IntelliJ IDEA 2024.1\bin;;C:\Users\eduar\AppData\Local\Programs\Microsoft VS Code\bin
USERNAME=eduar
OS=Windows_NT
PROCESSOR_IDENTIFIER=Intel64 Family 6 Model 58 Stepping 9, GenuineIntel
TMP=C:\Users\eduar\AppData\Local\Temp
TEMP=C:\Users\eduar\AppData\Local\Temp



Periodic native trim disabled


---------------  S Y S T E M  ---------------

OS:
 Windows 11 , 64 bit Build 22621 (10.0.22621.3672)
OS uptime: 0 days 7:50 hours
Hyper-V role detected

CPU: total 4 (initial active 4) (2 cores per cpu, 2 threads per core) family 6 model 58 stepping 9 microcode 0x21, cx8, cmov, fxsr, ht, mmx, sse, sse2, sse3, ssse3, sse4.1, sse4.2, popcnt, tsc, tscinvbit, avx, aes, erms, clmul, vzeroupper, clflush, hv
Processor Information for all 4 processors :
  Max Mhz: 2001, Current Mhz: 2001, Mhz Limit: 2001

Memory: 4k page, system-wide physical 12167M (1979M free)
TotalPageFile size 17637M (AvailPageFile size 3177M)
current process WorkingSet (physical memory assigned to process): 294M, peak: 436M
current process commit charge ("private bytes"): 502M, peak: 514M

vm_info: OpenJDK 64-Bit Server VM (17.0.11+9-LTS) for windows-amd64 JRE (17.0.11+9-LTS), built on Apr 10 2024 22:12:24 by "Administrator" with MS VC++ 16.10 / 16.11 (VS2019)

END.
